<?xml version="1.0" encoding="UTF-8"?>
<coverage generated="1772967719569" clover="3.2.0">
  <project timestamp="1772967719570" name="All files">
    <metrics statements="347" coveredstatements="347" conditionals="291" coveredconditionals="274" methods="148" coveredmethods="148" elements="786" coveredelements="769" complexity="0" loc="347" ncloc="347" packages="2" files="7" classes="7"/>
    <package name="src">
      <metrics statements="51" coveredstatements="51" conditionals="16" coveredconditionals="12" methods="17" coveredmethods="17"/>
      <file name="App.tsx" path="/Users/joelindurkar/Desktop/TeikoOA/TeikoTechnical/dashboard/src/App.tsx">
        <metrics statements="51" coveredstatements="51" conditionals="16" coveredconditionals="12" methods="17" coveredmethods="17"/>
        <line num="9" count="1" type="stmt"/>
        <line num="17" count="20" type="stmt"/>
        <line num="18" count="20" type="stmt"/>
        <line num="19" count="20" type="stmt"/>
        <line num="22" count="20" type="stmt"/>
        <line num="23" count="15" type="stmt"/>
        <line num="24" count="15" type="cond" truecount="2" falsecount="0"/>
        <line num="25" count="1" type="stmt"/>
        <line num="26" count="1" type="stmt"/>
        <line num="27" count="1" type="stmt"/>
        <line num="28" count="1" type="stmt"/>
        <line num="29" count="1" type="stmt"/>
        <line num="30" count="1" type="stmt"/>
        <line num="31" count="1" type="stmt"/>
        <line num="32" count="1" type="stmt"/>
        <line num="33" count="1" type="stmt"/>
        <line num="34" count="1" type="stmt"/>
        <line num="35" count="1" type="stmt"/>
        <line num="36" count="1" type="stmt"/>
        <line num="38" count="14" type="stmt"/>
        <line num="42" count="168" type="stmt"/>
        <line num="46" count="20" type="stmt"/>
        <line num="47" count="13" type="stmt"/>
        <line num="48" count="13" type="stmt"/>
        <line num="49" count="52" type="stmt"/>
        <line num="50" count="52" type="cond" truecount="1" falsecount="1"/>
        <line num="52" count="52" type="stmt"/>
        <line num="53" count="8" type="cond" truecount="2" falsecount="0"/>
        <line num="56" count="52" type="stmt"/>
        <line num="57" count="52" type="stmt"/>
        <line num="63" count="1" type="stmt"/>
        <line num="64" count="1" type="stmt"/>
        <line num="65" count="1" type="cond" truecount="1" falsecount="1"/>
        <line num="66" count="1" type="stmt"/>
        <line num="69" count="13" type="stmt"/>
        <line num="71" count="13" type="stmt"/>
        <line num="72" count="52" type="stmt"/>
        <line num="73" count="13" type="stmt"/>
        <line num="78" count="2" type="stmt"/>
        <line num="79" count="2" type="cond" truecount="2" falsecount="0"/>
        <line num="82" count="1" type="stmt"/>
        <line num="83" count="1" type="stmt"/>
        <line num="84" count="1" type="cond" truecount="2" falsecount="2"/>
        <line num="85" count="2" type="stmt"/>
        <line num="86" count="2" type="stmt"/>
        <line num="89" count="20" type="stmt"/>
        <line num="99" count="3" type="stmt"/>
        <line num="114" count="80" type="stmt"/>
        <line num="118" count="2" type="stmt"/>
        <line num="129" count="1" type="stmt"/>
        <line num="130" count="2" type="stmt"/>
      </file>
    </package>
    <package name="src.components">
      <metrics statements="296" coveredstatements="296" conditionals="275" coveredconditionals="262" methods="131" coveredmethods="131"/>
      <file name="BoxplotSection.tsx" path="/Users/joelindurkar/Desktop/TeikoOA/TeikoTechnical/dashboard/src/components/BoxplotSection.tsx">
        <metrics statements="133" coveredstatements="133" conditionals="96" coveredconditionals="88" methods="45" coveredmethods="45"/>
        <line num="21" count="1045" type="stmt"/>
        <line num="22" count="418" type="stmt"/>
        <line num="23" count="418" type="stmt"/>
        <line num="42" count="2" type="stmt"/>
        <line num="52" count="195" type="cond" truecount="2" falsecount="0"/>
        <line num="55" count="2" type="stmt"/>
        <line num="56" count="2" type="stmt"/>
        <line num="57" count="2" type="stmt"/>
        <line num="58" count="2" type="stmt"/>
        <line num="59" count="2" type="stmt"/>
        <line num="64" count="209" type="stmt"/>
        <line num="65" count="4110" type="stmt"/>
        <line num="77" count="418" type="stmt"/>
        <line num="78" count="418" type="stmt"/>
        <line num="79" count="418" type="stmt"/>
        <line num="80" count="418" type="stmt"/>
        <line num="81" count="418" type="stmt"/>
        <line num="82" count="418" type="stmt"/>
        <line num="83" count="418" type="stmt"/>
        <line num="85" count="418" type="stmt"/>
        <line num="111" count="14" type="stmt"/>
        <line num="112" count="14" type="stmt"/>
        <line num="113" count="14" type="stmt"/>
        <line num="114" count="14" type="stmt"/>
        <line num="115" count="14" type="stmt"/>
        <line num="117" count="14" type="stmt"/>
        <line num="118" count="14" type="stmt"/>
        <line num="121" count="1" type="cond" truecount="3" falsecount="1"/>
        <line num="122" count="1" type="stmt"/>
        <line num="123" count="1" type="stmt"/>
        <line num="124" count="1" type="stmt"/>
        <line num="127" count="1" type="stmt"/>
        <line num="132" count="1" type="stmt"/>
        <line num="134" count="1" type="stmt"/>
        <line num="135" count="1" type="stmt"/>
        <line num="136" count="4" type="stmt"/>
        <line num="137" count="4" type="cond" truecount="4" falsecount="0"/>
        <line num="138" count="2" type="stmt"/>
        <line num="139" count="2" type="cond" truecount="2" falsecount="0"/>
        <line num="144" count="1" type="stmt"/>
        <line num="145" count="1" type="cond" truecount="3" falsecount="1"/>
        <line num="146" count="1" type="stmt"/>
        <line num="147" count="2" type="cond" truecount="2" falsecount="0"/>
        <line num="153" count="1" type="stmt"/>
        <line num="154" count="1" type="stmt"/>
        <line num="155" count="1" type="stmt"/>
        <line num="156" count="1" type="stmt"/>
        <line num="158" count="1" type="stmt"/>
        <line num="162" count="14" type="stmt"/>
        <line num="163" count="14" type="stmt"/>
        <line num="164" count="14" type="stmt"/>
        <line num="165" count="14" type="stmt"/>
        <line num="166" count="14" type="stmt"/>
        <line num="168" count="14" type="stmt"/>
        <line num="169" count="14" type="stmt"/>
        <line num="170" count="14" type="stmt"/>
        <line num="171" count="14" type="stmt"/>
        <line num="173" count="14" type="stmt"/>
        <line num="174" count="14" type="stmt"/>
        <line num="175" count="70" type="stmt"/>
        <line num="178" count="14" type="stmt"/>
        <line num="179" count="14" type="stmt"/>
        <line num="180" count="14" type="stmt"/>
        <line num="184" count="168" type="cond" truecount="2" falsecount="0"/>
        <line num="185" count="14" type="stmt"/>
        <line num="194" count="14" type="stmt"/>
        <line num="206" count="2" type="stmt"/>
        <line num="235" count="1" type="cond" truecount="1" falsecount="1"/>
        <line num="236" count="1" type="stmt"/>
        <line num="255" count="1" type="stmt"/>
        <line num="256" count="1" type="stmt"/>
        <line num="285" count="70" type="stmt"/>
        <line num="286" count="70" type="stmt"/>
        <line num="359" count="84" type="cond" truecount="2" falsecount="0"/>
        <line num="389" count="4" type="stmt"/>
        <line num="396" count="4" type="stmt"/>
        <line num="397" count="4" type="cond" truecount="2" falsecount="0"/>
        <line num="400" count="4" type="cond" truecount="2" falsecount="0"/>
        <line num="402" count="4" type="stmt"/>
        <line num="427" count="20" type="stmt"/>
        <line num="468" count="195" type="stmt"/>
        <line num="469" count="195" type="stmt"/>
        <line num="474" count="195" type="stmt"/>
        <line num="475" count="195" type="stmt"/>
        <line num="477" count="195" type="stmt"/>
        <line num="478" count="195" type="stmt"/>
        <line num="479" count="195" type="stmt"/>
        <line num="480" count="195" type="stmt"/>
        <line num="482" count="195" type="stmt"/>
        <line num="483" count="195" type="stmt"/>
        <line num="484" count="780" type="stmt"/>
        <line num="487" count="195" type="stmt"/>
        <line num="488" count="195" type="stmt"/>
        <line num="489" count="195" type="stmt"/>
        <line num="491" count="195" type="stmt"/>
        <line num="493" count="195" type="stmt"/>
        <line num="497" count="2" type="stmt"/>
        <line num="498" count="5" type="stmt"/>
        <line num="500" count="5" type="stmt"/>
        <line num="501" count="5" type="stmt"/>
        <line num="526" count="780" type="stmt"/>
        <line num="527" count="780" type="stmt"/>
        <line num="546" count="3" type="stmt"/>
        <line num="547" count="3" type="stmt"/>
        <line num="562" count="1" type="stmt"/>
        <line num="563" count="1" type="stmt"/>
        <line num="617" count="720" type="stmt"/>
        <line num="630" count="83" type="stmt"/>
        <line num="631" count="83" type="stmt"/>
        <line num="632" count="83" type="stmt"/>
        <line num="633" count="83" type="stmt"/>
        <line num="634" count="83" type="stmt"/>
        <line num="636" count="83" type="stmt"/>
        <line num="638" count="38" type="stmt"/>
        <line num="639" count="36" type="stmt"/>
        <line num="640" count="36" type="stmt"/>
        <line num="643" count="36" type="stmt"/>
        <line num="645" count="36" type="stmt"/>
        <line num="646" count="36" type="stmt"/>
        <line num="647" count="180" type="stmt"/>
        <line num="649" count="36" type="stmt"/>
        <line num="650" count="36" type="stmt"/>
        <line num="652" count="1" type="stmt"/>
        <line num="655" count="83" type="cond" truecount="2" falsecount="0"/>
        <line num="657" count="83" type="cond" truecount="2" falsecount="0"/>
        <line num="658" count="1" type="stmt"/>
        <line num="661" count="82" type="cond" truecount="2" falsecount="0"/>
        <line num="662" count="45" type="stmt"/>
        <line num="669" count="225" type="stmt"/>
        <line num="680" count="37" type="stmt"/>
        <line num="700" count="185" type="stmt"/>
        <line num="705" count="12" type="stmt"/>
        <line num="741" count="2" type="stmt"/>
      </file>
      <file name="DataTable.tsx" path="/Users/joelindurkar/Desktop/TeikoOA/TeikoTechnical/dashboard/src/components/DataTable.tsx">
        <metrics statements="79" coveredstatements="79" conditionals="54" coveredconditionals="53" methods="35" coveredmethods="35"/>
        <line num="15" count="2" type="stmt"/>
        <line num="17" count="2" type="stmt"/>
        <line num="19" count="2" type="stmt"/>
        <line num="28" count="2" type="stmt"/>
        <line num="36" count="2" type="stmt"/>
        <line num="47" count="1980" type="stmt"/>
        <line num="60" count="104" type="stmt"/>
        <line num="61" count="104" type="stmt"/>
        <line num="62" count="104" type="stmt"/>
        <line num="63" count="104" type="stmt"/>
        <line num="64" count="104" type="stmt"/>
        <line num="65" count="104" type="stmt"/>
        <line num="66" count="104" type="stmt"/>
        <line num="67" count="104" type="stmt"/>
        <line num="69" count="104" type="stmt"/>
        <line num="70" count="104" type="stmt"/>
        <line num="72" count="104" type="stmt"/>
        <line num="74" count="104" type="stmt"/>
        <line num="75" count="37" type="stmt"/>
        <line num="76" count="35" type="stmt"/>
        <line num="78" count="35" type="stmt"/>
        <line num="79" count="35" type="stmt"/>
        <line num="81" count="1" type="stmt"/>
        <line num="85" count="104" type="stmt"/>
        <line num="86" count="43" type="stmt"/>
        <line num="87" count="43" type="stmt"/>
        <line num="91" count="104" type="stmt"/>
        <line num="94" count="4" type="cond" truecount="2" falsecount="0"/>
        <line num="95" count="3" type="cond" truecount="2" falsecount="0"/>
        <line num="97" count="1" type="stmt"/>
        <line num="98" count="1" type="stmt"/>
        <line num="100" count="4" type="stmt"/>
        <line num="104" count="104" type="stmt"/>
        <line num="105" count="72" type="stmt"/>
        <line num="106" count="90" type="cond" truecount="2" falsecount="0"/>
        <line num="108" count="72" type="cond" truecount="2" falsecount="0"/>
        <line num="109" count="72" type="stmt"/>
        <line num="110" count="453" type="stmt"/>
        <line num="111" count="453" type="stmt"/>
        <line num="112" count="453" type="cond" truecount="3" falsecount="1"/>
        <line num="113" count="430" type="cond" truecount="4" falsecount="0"/>
        <line num="114" count="311" type="stmt"/>
        <line num="118" count="104" type="stmt"/>
        <line num="119" count="104" type="stmt"/>
        <line num="120" count="104" type="cond" truecount="2" falsecount="0"/>
        <line num="124" count="1" type="stmt"/>
        <line num="125" count="1" type="stmt"/>
        <line num="126" count="15" type="stmt"/>
        <line num="128" count="1" type="stmt"/>
        <line num="129" count="1" type="stmt"/>
        <line num="130" count="1" type="stmt"/>
        <line num="131" count="1" type="stmt"/>
        <line num="132" count="1" type="stmt"/>
        <line num="133" count="1" type="stmt"/>
        <line num="134" count="1" type="stmt"/>
        <line num="135" count="1" type="stmt"/>
        <line num="138" count="104" type="stmt"/>
        <line num="150" count="104" type="cond" truecount="2" falsecount="0"/>
        <line num="151" count="1" type="stmt"/>
        <line num="154" count="103" type="cond" truecount="2" falsecount="0"/>
        <line num="155" count="48" type="stmt"/>
        <line num="159" count="240" type="stmt"/>
        <line num="162" count="384" type="stmt"/>
        <line num="163" count="1920" type="stmt"/>
        <line num="171" count="55" type="stmt"/>
        <line num="216" count="275" type="stmt"/>
        <line num="218" count="4" type="stmt"/>
        <line num="255" count="1" type="stmt"/>
        <line num="273" count="388" type="stmt"/>
        <line num="274" count="388" type="cond" truecount="2" falsecount="0"/>
        <line num="275" count="388" type="stmt"/>
        <line num="278" count="1" type="stmt"/>
        <line num="279" count="1" type="stmt"/>
        <line num="374" count="1" type="stmt"/>
        <line num="377" count="165" type="stmt"/>
        <line num="401" count="1" type="stmt"/>
        <line num="402" count="1" type="stmt"/>
        <line num="420" count="1" type="stmt"/>
        <line num="427" count="3" type="stmt"/>
      </file>
      <file name="FilterBar.tsx" path="/Users/joelindurkar/Desktop/TeikoOA/TeikoTechnical/dashboard/src/components/FilterBar.tsx">
        <metrics statements="34" coveredstatements="34" conditionals="53" coveredconditionals="50" methods="22" coveredmethods="22"/>
        <line num="4" count="3" type="stmt"/>
        <line num="21" count="79" type="stmt"/>
        <line num="22" count="79" type="stmt"/>
        <line num="25" count="79" type="stmt"/>
        <line num="26" count="53" type="cond" truecount="2" falsecount="0"/>
        <line num="28" count="1" type="cond" truecount="3" falsecount="1"/>
        <line num="29" count="1" type="stmt"/>
        <line num="32" count="15" type="stmt"/>
        <line num="33" count="15" type="stmt"/>
        <line num="37" count="4" type="cond" truecount="2" falsecount="0"/>
        <line num="40" count="79" type="stmt"/>
        <line num="41" count="79" type="stmt"/>
        <line num="43" count="79" type="stmt"/>
        <line num="45" count="79" type="stmt"/>
        <line num="49" count="16" type="stmt"/>
        <line num="75" count="26" type="cond" truecount="1" falsecount="1"/>
        <line num="76" count="26" type="stmt"/>
        <line num="145" count="1" type="stmt"/>
        <line num="158" count="1" type="stmt"/>
        <line num="174" count="95" type="stmt"/>
        <line num="175" count="95" type="cond" truecount="1" falsecount="1"/>
        <line num="176" count="95" type="stmt"/>
        <line num="179" count="4" type="stmt"/>
        <line num="189" count="2" type="cond" truecount="2" falsecount="0"/>
        <line num="190" count="2" type="cond" truecount="2" falsecount="0"/>
        <line num="243" count="57" type="stmt"/>
        <line num="246" count="57" type="cond" truecount="4" falsecount="0"/>
        <line num="248" count="57" type="stmt"/>
        <line num="253" count="6" type="stmt"/>
        <line num="255" count="1" type="stmt"/>
        <line num="256" count="1" type="stmt"/>
        <line num="278" count="1" type="stmt"/>
        <line num="293" count="1" type="stmt"/>
        <line num="294" count="1" type="stmt"/>
      </file>
      <file name="SchemaOverview.tsx" path="/Users/joelindurkar/Desktop/TeikoOA/TeikoTechnical/dashboard/src/components/SchemaOverview.tsx">
        <metrics statements="25" coveredstatements="25" conditionals="24" coveredconditionals="24" methods="15" coveredmethods="15"/>
        <line num="14" count="405" type="stmt"/>
        <line num="27" count="105" type="stmt"/>
        <line num="44" count="35" type="stmt"/>
        <line num="45" count="35" type="stmt"/>
        <line num="46" count="35" type="stmt"/>
        <line num="47" count="35" type="stmt"/>
        <line num="49" count="35" type="stmt"/>
        <line num="50" count="20" type="stmt"/>
        <line num="51" count="18" type="stmt"/>
        <line num="53" count="18" type="stmt"/>
        <line num="54" count="18" type="stmt"/>
        <line num="56" count="1" type="stmt"/>
        <line num="59" count="35" type="cond" truecount="2" falsecount="0"/>
        <line num="60" count="1" type="stmt"/>
        <line num="68" count="34" type="stmt"/>
        <line num="70" count="34" type="stmt"/>
        <line num="77" count="81" type="stmt"/>
        <line num="86" count="21" type="stmt"/>
        <line num="136" count="102" type="stmt"/>
        <line num="155" count="81" type="cond" truecount="2" falsecount="0"/>
        <line num="162" count="21" type="stmt"/>
        <line num="163" count="21" type="stmt"/>
        <line num="166" count="1" type="stmt"/>
        <line num="167" count="1" type="stmt"/>
        <line num="202" count="105" type="stmt"/>
      </file>
      <file name="SettingsPanel.tsx" path="/Users/joelindurkar/Desktop/TeikoOA/TeikoTechnical/dashboard/src/components/SettingsPanel.tsx">
        <metrics statements="3" coveredstatements="3" conditionals="18" coveredconditionals="18" methods="3" coveredmethods="3"/>
        <line num="13" count="29" type="stmt"/>
        <line num="81" count="1" type="stmt"/>
        <line num="82" count="1" type="stmt"/>
      </file>
      <file name="SubsetAnalysis.tsx" path="/Users/joelindurkar/Desktop/TeikoOA/TeikoTechnical/dashboard/src/components/SubsetAnalysis.tsx">
        <metrics statements="22" coveredstatements="22" conditionals="30" coveredconditionals="29" methods="11" coveredmethods="11"/>
        <line num="11" count="37" type="stmt"/>
        <line num="13" count="37" type="stmt"/>
        <line num="15" count="1" type="stmt"/>
        <line num="16" count="1" type="stmt"/>
        <line num="90" count="232" type="stmt"/>
        <line num="112" count="37" type="stmt"/>
        <line num="113" count="37" type="stmt"/>
        <line num="114" count="37" type="stmt"/>
        <line num="116" count="37" type="stmt"/>
        <line num="117" count="22" type="stmt"/>
        <line num="118" count="20" type="stmt"/>
        <line num="120" count="20" type="stmt"/>
        <line num="121" count="20" type="stmt"/>
        <line num="123" count="1" type="stmt"/>
        <line num="126" count="37" type="cond" truecount="2" falsecount="0"/>
        <line num="127" count="1" type="stmt"/>
        <line num="130" count="36" type="cond" truecount="2" falsecount="0"/>
        <line num="131" count="29" type="stmt"/>
        <line num="141" count="145" type="stmt"/>
        <line num="149" count="7" type="stmt"/>
        <line num="154" count="7" type="stmt"/>
        <line num="170" count="14" type="stmt"/>
      </file>
    </package>
  </project>
</coverage>
