{"/Users/joelindurkar/Desktop/TeikoOA/TeikoTechnical/dashboard/src/App.tsx": {"path":"/Users/joelindurkar/Desktop/TeikoOA/TeikoTechnical/dashboard/src/App.tsx","statementMap":{"0":{"start":{"line":9,"column":17},"end":{"line":14,"column":null}},"1":{"start":{"line":17,"column":40},"end":{"line":17,"column":null}},"2":{"start":{"line":18,"column":38},"end":{"line":18,"column":null}},"3":{"start":{"line":19,"column":30},"end":{"line":19,"column":null}},"4":{"start":{"line":22,"column":2},"end":{"line":44,"column":null}},"5":{"start":{"line":23,"column":17},"end":{"line":23,"column":null}},"6":{"start":{"line":24,"column":4},"end":{"line":43,"column":null}},"7":{"start":{"line":25,"column":6},"end":{"line":25,"column":null}},"8":{"start":{"line":26,"column":6},"end":{"line":26,"column":null}},"9":{"start":{"line":27,"column":6},"end":{"line":27,"column":null}},"10":{"start":{"line":28,"column":6},"end":{"line":28,"column":null}},"11":{"start":{"line":29,"column":6},"end":{"line":29,"column":null}},"12":{"start":{"line":30,"column":6},"end":{"line":30,"column":null}},"13":{"start":{"line":31,"column":6},"end":{"line":31,"column":null}},"14":{"start":{"line":32,"column":6},"end":{"line":32,"column":null}},"15":{"start":{"line":33,"column":6},"end":{"line":33,"column":null}},"16":{"start":{"line":34,"column":6},"end":{"line":34,"column":null}},"17":{"start":{"line":35,"column":6},"end":{"line":35,"column":null}},"18":{"start":{"line":36,"column":6},"end":{"line":36,"column":null}},"19":{"start":{"line":38,"column":7},"end":{"line":42,"column":null}},"20":{"start":{"line":42,"column":21},"end":{"line":42,"column":49}},"21":{"start":{"line":46,"column":2},"end":{"line":75,"column":null}},"22":{"start":{"line":47,"column":46},"end":{"line":47,"column":null}},"23":{"start":{"line":48,"column":4},"end":{"line":58,"column":null}},"24":{"start":{"line":49,"column":17},"end":{"line":49,"column":null}},"25":{"start":{"line":50,"column":6},"end":{"line":50,"column":null}},"26":{"start":{"line":50,"column":15},"end":{"line":50,"column":null}},"27":{"start":{"line":52,"column":18},"end":{"line":55,"column":null}},"28":{"start":{"line":53,"column":23},"end":{"line":53,"column":70}},"29":{"start":{"line":53,"column":49},"end":{"line":53,"column":70}},"30":{"start":{"line":56,"column":6},"end":{"line":56,"column":null}},"31":{"start":{"line":57,"column":6},"end":{"line":57,"column":null}},"32":{"start":{"line":63,"column":27},"end":{"line":63,"column":null}},"33":{"start":{"line":64,"column":24},"end":{"line":64,"column":null}},"34":{"start":{"line":65,"column":6},"end":{"line":67,"column":null}},"35":{"start":{"line":66,"column":8},"end":{"line":66,"column":null}},"36":{"start":{"line":69,"column":4},"end":{"line":69,"column":null}},"37":{"start":{"line":71,"column":4},"end":{"line":74,"column":null}},"38":{"start":{"line":72,"column":6},"end":{"line":72,"column":null}},"39":{"start":{"line":72,"column":29},"end":{"line":72,"column":43}},"40":{"start":{"line":73,"column":6},"end":{"line":73,"column":null}},"41":{"start":{"line":78,"column":15},"end":{"line":78,"column":null}},"42":{"start":{"line":79,"column":4},"end":{"line":79,"column":null}},"43":{"start":{"line":79,"column":13},"end":{"line":79,"column":null}},"44":{"start":{"line":82,"column":21},"end":{"line":82,"column":null}},"45":{"start":{"line":83,"column":21},"end":{"line":83,"column":null}},"46":{"start":{"line":84,"column":10},"end":{"line":84,"column":null}},"47":{"start":{"line":85,"column":16},"end":{"line":85,"column":null}},"48":{"start":{"line":86,"column":4},"end":{"line":86,"column":null}},"49":{"start":{"line":89,"column":2},"end":{"line":158,"column":null}},"50":{"start":{"line":99,"column":27},"end":{"line":99,"column":null}},"51":{"start":{"line":99,"column":48},"end":{"line":99,"column":50}},"52":{"start":{"line":114,"column":12},"end":{"line":121,"column":null}},"53":{"start":{"line":118,"column":30},"end":{"line":118,"column":50}},"54":{"start":{"line":118,"column":50},"end":{"line":118,"column":68}},"55":{"start":{"line":129,"column":23},"end":{"line":129,"column":null}},"56":{"start":{"line":130,"column":28},"end":{"line":130,"column":null}},"57":{"start":{"line":130,"column":45},"end":{"line":130,"column":47}}},"fnMap":{"0":{"name":"App","decl":{"start":{"line":16,"column":24},"end":{"line":16,"column":30}},"loc":{"start":{"line":16,"column":30},"end":{"line":160,"column":null}},"line":16},"1":{"name":"(anonymous_1)","decl":{"start":{"line":22,"column":12},"end":{"line":22,"column":18}},"loc":{"start":{"line":22,"column":18},"end":{"line":44,"column":5}},"line":22},"2":{"name":"(anonymous_2)","decl":{"start":{"line":42,"column":16},"end":{"line":42,"column":21}},"loc":{"start":{"line":42,"column":21},"end":{"line":42,"column":49}},"line":42},"3":{"name":"(anonymous_3)","decl":{"start":{"line":46,"column":12},"end":{"line":46,"column":18}},"loc":{"start":{"line":46,"column":18},"end":{"line":75,"column":5}},"line":46},"4":{"name":"(anonymous_4)","decl":{"start":{"line":48,"column":21},"end":{"line":48,"column":22}},"loc":{"start":{"line":48,"column":33},"end":{"line":58,"column":5}},"line":48},"5":{"name":"(anonymous_5)","decl":{"start":{"line":53,"column":8},"end":{"line":53,"column":9}},"loc":{"start":{"line":53,"column":21},"end":{"line":53,"column":null}},"line":53},"6":{"name":"onScroll","decl":{"start":{"line":62,"column":13},"end":{"line":62,"column":24}},"loc":{"start":{"line":62,"column":24},"end":{"line":68,"column":null}},"line":62},"7":{"name":"(anonymous_7)","decl":{"start":{"line":71,"column":11},"end":{"line":71,"column":17}},"loc":{"start":{"line":71,"column":17},"end":{"line":74,"column":null}},"line":71},"8":{"name":"(anonymous_8)","decl":{"start":{"line":72,"column":24},"end":{"line":72,"column":29}},"loc":{"start":{"line":72,"column":29},"end":{"line":72,"column":43}},"line":72},"9":{"name":"scrollTo","decl":{"start":{"line":77,"column":11},"end":{"line":77,"column":20}},"loc":{"start":{"line":77,"column":32},"end":{"line":87,"column":null}},"line":77},"10":{"name":"(anonymous_10)","decl":{"start":{"line":99,"column":21},"end":{"line":99,"column":27}},"loc":{"start":{"line":99,"column":27},"end":{"line":99,"column":null}},"line":99},"11":{"name":"(anonymous_11)","decl":{"start":{"line":99,"column":43},"end":{"line":99,"column":48}},"loc":{"start":{"line":99,"column":48},"end":{"line":99,"column":50}},"line":99},"12":{"name":"(anonymous_12)","decl":{"start":{"line":113,"column":24},"end":{"line":113,"column":null}},"loc":{"start":{"line":114,"column":12},"end":{"line":121,"column":null}},"line":114},"13":{"name":"(anonymous_13)","decl":{"start":{"line":118,"column":23},"end":{"line":118,"column":28}},"loc":{"start":{"line":118,"column":28},"end":{"line":118,"column":null}},"line":118},"14":{"name":"(anonymous_14)","decl":{"start":{"line":129,"column":17},"end":{"line":129,"column":23}},"loc":{"start":{"line":129,"column":23},"end":{"line":129,"column":null}},"line":129},"15":{"name":"(anonymous_15)","decl":{"start":{"line":130,"column":22},"end":{"line":130,"column":28}},"loc":{"start":{"line":130,"column":28},"end":{"line":130,"column":null}},"line":130},"16":{"name":"(anonymous_16)","decl":{"start":{"line":130,"column":40},"end":{"line":130,"column":45}},"loc":{"start":{"line":130,"column":45},"end":{"line":130,"column":47}},"line":130}},"branchMap":{"0":{"loc":{"start":{"line":24,"column":4},"end":{"line":43,"column":null}},"type":"if","locations":[{"start":{"line":24,"column":4},"end":{"line":43,"column":null}},{"start":{"line":37,"column":11},"end":{"line":43,"column":null}}],"line":24},"1":{"loc":{"start":{"line":50,"column":6},"end":{"line":50,"column":null}},"type":"if","locations":[{"start":{"line":50,"column":6},"end":{"line":50,"column":null}},{"start":{},"end":{}}],"line":50},"2":{"loc":{"start":{"line":53,"column":23},"end":{"line":53,"column":70}},"type":"if","locations":[{"start":{"line":53,"column":23},"end":{"line":53,"column":70}},{"start":{},"end":{}}],"line":53},"3":{"loc":{"start":{"line":65,"column":6},"end":{"line":67,"column":null}},"type":"if","locations":[{"start":{"line":65,"column":6},"end":{"line":67,"column":null}},{"start":{},"end":{}}],"line":65},"4":{"loc":{"start":{"line":79,"column":4},"end":{"line":79,"column":null}},"type":"if","locations":[{"start":{"line":79,"column":4},"end":{"line":79,"column":null}},{"start":{},"end":{}}],"line":79},"5":{"loc":{"start":{"line":84,"column":20},"end":{"line":84,"column":53}},"type":"binary-expr","locations":[{"start":{"line":84,"column":20},"end":{"line":84,"column":46}},{"start":{"line":84,"column":46},"end":{"line":84,"column":53}}],"line":84},"6":{"loc":{"start":{"line":84,"column":53},"end":{"line":84,"column":85}},"type":"binary-expr","locations":[{"start":{"line":84,"column":53},"end":{"line":84,"column":79}},{"start":{"line":84,"column":79},"end":{"line":84,"column":85}}],"line":84},"7":{"loc":{"start":{"line":117,"column":38},"end":{"line":117,"column":80}},"type":"cond-expr","locations":[{"start":{"line":117,"column":66},"end":{"line":117,"column":78}},{"start":{"line":117,"column":78},"end":{"line":117,"column":80}}],"line":117}},"s":{"0":1,"1":20,"2":20,"3":20,"4":20,"5":15,"6":15,"7":1,"8":1,"9":1,"10":1,"11":1,"12":1,"13":1,"14":1,"15":1,"16":1,"17":1,"18":1,"19":14,"20":168,"21":20,"22":13,"23":13,"24":52,"25":52,"26":0,"27":52,"28":8,"29":4,"30":52,"31":52,"32":1,"33":1,"34":1,"35":1,"36":13,"37":13,"38":13,"39":52,"40":13,"41":2,"42":2,"43":1,"44":1,"45":1,"46":1,"47":2,"48":2,"49":20,"50":3,"51":3,"52":80,"53":2,"54":2,"55":1,"56":2,"57":2},"f":{"0":20,"1":15,"2":168,"3":13,"4":52,"5":8,"6":1,"7":13,"8":52,"9":2,"10":3,"11":3,"12":80,"13":2,"14":1,"15":2,"16":2},"b":{"0":[1,14],"1":[0,52],"2":[4,4],"3":[1,0],"4":[1,1],"5":[1,0],"6":[2,0],"7":[20,60]},"meta":{"lastBranch":8,"lastFunction":17,"lastStatement":58,"seen":{"s:9:17:14:Infinity":0,"f:16:24:16:30":0,"s:17:40:17:Infinity":1,"s:18:38:18:Infinity":2,"s:19:30:19:Infinity":3,"s:22:2:44:Infinity":4,"f:22:12:22:18":1,"s:23:17:23:Infinity":5,"b:24:4:43:Infinity:37:11:43:Infinity":0,"s:24:4:43:Infinity":6,"s:25:6:25:Infinity":7,"s:26:6:26:Infinity":8,"s:27:6:27:Infinity":9,"s:28:6:28:Infinity":10,"s:29:6:29:Infinity":11,"s:30:6:30:Infinity":12,"s:31:6:31:Infinity":13,"s:32:6:32:Infinity":14,"s:33:6:33:Infinity":15,"s:34:6:34:Infinity":16,"s:35:6:35:Infinity":17,"s:36:6:36:Infinity":18,"s:38:7:42:Infinity":19,"f:42:16:42:21":2,"s:42:21:42:49":20,"s:46:2:75:Infinity":21,"f:46:12:46:18":3,"s:47:46:47:Infinity":22,"s:48:4:58:Infinity":23,"f:48:21:48:22":4,"s:49:17:49:Infinity":24,"b:50:6:50:Infinity:undefined:undefined:undefined:undefined":1,"s:50:6:50:Infinity":25,"s:50:15:50:Infinity":26,"s:52:18:55:Infinity":27,"f:53:8:53:9":5,"b:53:23:53:70:undefined:undefined:undefined:undefined":2,"s:53:23:53:70":28,"s:53:49:53:70":29,"s:56:6:56:Infinity":30,"s:57:6:57:Infinity":31,"f:62:13:62:24":6,"s:63:27:63:Infinity":32,"s:64:24:64:Infinity":33,"b:65:6:67:Infinity:undefined:undefined:undefined:undefined":3,"s:65:6:67:Infinity":34,"s:66:8:66:Infinity":35,"s:69:4:69:Infinity":36,"s:71:4:74:Infinity":37,"f:71:11:71:17":7,"s:72:6:72:Infinity":38,"f:72:24:72:29":8,"s:72:29:72:43":39,"s:73:6:73:Infinity":40,"f:77:11:77:20":9,"s:78:15:78:Infinity":41,"b:79:4:79:Infinity:undefined:undefined:undefined:undefined":4,"s:79:4:79:Infinity":42,"s:79:13:79:Infinity":43,"s:82:21:82:Infinity":44,"s:83:21:83:Infinity":45,"s:84:10:84:Infinity":46,"b:84:20:84:46:84:46:84:53":5,"b:84:53:84:79:84:79:84:85":6,"s:85:16:85:Infinity":47,"s:86:4:86:Infinity":48,"s:89:2:158:Infinity":49,"f:99:21:99:27":10,"s:99:27:99:Infinity":50,"f:99:43:99:48":11,"s:99:48:99:50":51,"f:113:24:113:Infinity":12,"s:114:12:121:Infinity":52,"b:117:66:117:78:117:78:117:80":7,"f:118:23:118:28":13,"s:118:30:118:50":53,"s:118:50:118:68":54,"f:129:17:129:23":14,"s:129:23:129:Infinity":55,"f:130:22:130:28":15,"s:130:28:130:Infinity":56,"f:130:40:130:45":16,"s:130:45:130:47":57}}}
,"/Users/joelindurkar/Desktop/TeikoOA/TeikoTechnical/dashboard/src/components/BoxplotSection.tsx": {"path":"/Users/joelindurkar/Desktop/TeikoOA/TeikoTechnical/dashboard/src/components/BoxplotSection.tsx","statementMap":{"0":{"start":{"line":21,"column":17},"end":{"line":21,"column":null}},"1":{"start":{"line":21,"column":42},"end":{"line":21,"column":47}},"2":{"start":{"line":22,"column":12},"end":{"line":22,"column":null}},"3":{"start":{"line":23,"column":2},"end":{"line":29,"column":null}},"4":{"start":{"line":42,"column":42},"end":{"line":48,"column":null}},"5":{"start":{"line":52,"column":2},"end":{"line":52,"column":null}},"6":{"start":{"line":55,"column":14},"end":{"line":55,"column":null}},"7":{"start":{"line":56,"column":14},"end":{"line":56,"column":null}},"8":{"start":{"line":57,"column":12},"end":{"line":57,"column":null}},"9":{"start":{"line":58,"column":14},"end":{"line":58,"column":null}},"10":{"start":{"line":59,"column":14},"end":{"line":59,"column":null}},"11":{"start":{"line":64,"column":2},"end":{"line":65,"column":null}},"12":{"start":{"line":65,"column":4},"end":{"line":65,"column":null}},"13":{"start":{"line":77,"column":15},"end":{"line":77,"column":null}},"14":{"start":{"line":78,"column":15},"end":{"line":78,"column":null}},"15":{"start":{"line":79,"column":15},"end":{"line":79,"column":null}},"16":{"start":{"line":80,"column":15},"end":{"line":80,"column":null}},"17":{"start":{"line":81,"column":15},"end":{"line":81,"column":null}},"18":{"start":{"line":82,"column":15},"end":{"line":82,"column":null}},"19":{"start":{"line":83,"column":15},"end":{"line":83,"column":null}},"20":{"start":{"line":85,"column":2},"end":{"line":99,"column":null}},"21":{"start":{"line":111,"column":17},"end":{"line":111,"column":null}},"22":{"start":{"line":112,"column":17},"end":{"line":112,"column":null}},"23":{"start":{"line":113,"column":17},"end":{"line":113,"column":null}},"24":{"start":{"line":114,"column":17},"end":{"line":114,"column":null}},"25":{"start":{"line":115,"column":17},"end":{"line":115,"column":null}},"26":{"start":{"line":117,"column":8},"end":{"line":117,"column":null}},"27":{"start":{"line":118,"column":36},"end":{"line":118,"column":null}},"28":{"start":{"line":121,"column":4},"end":{"line":121,"column":null}},"29":{"start":{"line":121,"column":41},"end":{"line":121,"column":null}},"30":{"start":{"line":122,"column":4},"end":{"line":122,"column":null}},"31":{"start":{"line":123,"column":4},"end":{"line":159,"column":null}},"32":{"start":{"line":124,"column":24},"end":{"line":124,"column":null}},"33":{"start":{"line":127,"column":21},"end":{"line":152,"column":null}},"34":{"start":{"line":132,"column":10},"end":{"line":150,"column":null}},"35":{"start":{"line":134,"column":29},"end":{"line":134,"column":null}},"36":{"start":{"line":135,"column":12},"end":{"line":142,"column":null}},"37":{"start":{"line":136,"column":26},"end":{"line":136,"column":null}},"38":{"start":{"line":137,"column":14},"end":{"line":141,"column":null}},"39":{"start":{"line":138,"column":16},"end":{"line":140,"column":null}},"40":{"start":{"line":139,"column":18},"end":{"line":139,"column":null}},"41":{"start":{"line":144,"column":29},"end":{"line":144,"column":null}},"42":{"start":{"line":145,"column":12},"end":{"line":149,"column":null}},"43":{"start":{"line":146,"column":14},"end":{"line":148,"column":null}},"44":{"start":{"line":147,"column":16},"end":{"line":147,"column":null}},"45":{"start":{"line":153,"column":19},"end":{"line":153,"column":null}},"46":{"start":{"line":154,"column":6},"end":{"line":154,"column":null}},"47":{"start":{"line":155,"column":6},"end":{"line":155,"column":null}},"48":{"start":{"line":156,"column":6},"end":{"line":156,"column":null}},"49":{"start":{"line":158,"column":6},"end":{"line":158,"column":null}},"50":{"start":{"line":162,"column":14},"end":{"line":162,"column":null}},"51":{"start":{"line":163,"column":14},"end":{"line":163,"column":null}},"52":{"start":{"line":164,"column":16},"end":{"line":164,"column":null}},"53":{"start":{"line":165,"column":17},"end":{"line":165,"column":null}},"54":{"start":{"line":166,"column":17},"end":{"line":166,"column":null}},"55":{"start":{"line":168,"column":18},"end":{"line":168,"column":null}},"56":{"start":{"line":169,"column":20},"end":{"line":169,"column":null}},"57":{"start":{"line":170,"column":20},"end":{"line":170,"column":null}},"58":{"start":{"line":171,"column":16},"end":{"line":171,"column":null}},"59":{"start":{"line":173,"column":20},"end":{"line":173,"column":null}},"60":{"start":{"line":174,"column":16},"end":{"line":176,"column":null}},"61":{"start":{"line":175,"column":4},"end":{"line":175,"column":null}},"62":{"start":{"line":178,"column":15},"end":{"line":178,"column":null}},"63":{"start":{"line":179,"column":15},"end":{"line":179,"column":null}},"64":{"start":{"line":180,"column":15},"end":{"line":180,"column":null}},"65":{"start":{"line":184,"column":14},"end":{"line":184,"column":null}},"66":{"start":{"line":184,"column":46},"end":{"line":184,"column":null}},"67":{"start":{"line":185,"column":62},"end":{"line":192,"column":null}},"68":{"start":{"line":194,"column":2},"end":{"line":376,"column":null}},"69":{"start":{"line":206,"column":22},"end":{"line":206,"column":null}},"70":{"start":{"line":235,"column":33},"end":{"line":235,"column":208}},"71":{"start":{"line":235,"column":54},"end":{"line":235,"column":131}},"72":{"start":{"line":235,"column":132},"end":{"line":235,"column":206}},"73":{"start":{"line":236,"column":34},"end":{"line":236,"column":99}},"74":{"start":{"line":236,"column":100},"end":{"line":236,"column":176}},"75":{"start":{"line":255,"column":34},"end":{"line":255,"column":111}},"76":{"start":{"line":255,"column":112},"end":{"line":255,"column":186}},"77":{"start":{"line":256,"column":34},"end":{"line":256,"column":99}},"78":{"start":{"line":256,"column":100},"end":{"line":256,"column":175}},"79":{"start":{"line":285,"column":26},"end":{"line":285,"column":null}},"80":{"start":{"line":286,"column":16},"end":{"line":296,"column":null}},"81":{"start":{"line":359,"column":18},"end":{"line":369,"column":null}},"82":{"start":{"line":389,"column":39},"end":{"line":395,"column":null}},"83":{"start":{"line":396,"column":22},"end":{"line":396,"column":null}},"84":{"start":{"line":397,"column":21},"end":{"line":397,"column":null}},"85":{"start":{"line":400,"column":15},"end":{"line":400,"column":null}},"86":{"start":{"line":402,"column":2},"end":{"line":458,"column":null}},"87":{"start":{"line":427,"column":8},"end":{"line":442,"column":null}},"88":{"start":{"line":468,"column":17},"end":{"line":468,"column":null}},"89":{"start":{"line":469,"column":17},"end":{"line":469,"column":null}},"90":{"start":{"line":474,"column":34},"end":{"line":474,"column":null}},"91":{"start":{"line":475,"column":30},"end":{"line":475,"column":null}},"92":{"start":{"line":477,"column":18},"end":{"line":477,"column":null}},"93":{"start":{"line":478,"column":20},"end":{"line":478,"column":null}},"94":{"start":{"line":479,"column":20},"end":{"line":479,"column":null}},"95":{"start":{"line":480,"column":16},"end":{"line":480,"column":null}},"96":{"start":{"line":482,"column":20},"end":{"line":482,"column":null}},"97":{"start":{"line":483,"column":16},"end":{"line":485,"column":null}},"98":{"start":{"line":484,"column":4},"end":{"line":484,"column":null}},"99":{"start":{"line":487,"column":15},"end":{"line":487,"column":null}},"100":{"start":{"line":488,"column":14},"end":{"line":488,"column":null}},"101":{"start":{"line":489,"column":14},"end":{"line":489,"column":null}},"102":{"start":{"line":491,"column":16},"end":{"line":491,"column":null}},"103":{"start":{"line":493,"column":2},"end":{"line":612,"column":null}},"104":{"start":{"line":497,"column":24},"end":{"line":497,"column":null}},"105":{"start":{"line":498,"column":26},"end":{"line":498,"column":null}},"106":{"start":{"line":500,"column":10},"end":{"line":500,"column":null}},"107":{"start":{"line":501,"column":8},"end":{"line":501,"column":null}},"108":{"start":{"line":526,"column":20},"end":{"line":526,"column":null}},"109":{"start":{"line":527,"column":10},"end":{"line":537,"column":null}},"110":{"start":{"line":546,"column":30},"end":{"line":546,"column":null}},"111":{"start":{"line":547,"column":30},"end":{"line":547,"column":null}},"112":{"start":{"line":562,"column":30},"end":{"line":562,"column":null}},"113":{"start":{"line":563,"column":30},"end":{"line":563,"column":null}},"114":{"start":{"line":617,"column":2},"end":{"line":625,"column":null}},"115":{"start":{"line":630,"column":36},"end":{"line":630,"column":null}},"116":{"start":{"line":631,"column":32},"end":{"line":631,"column":null}},"117":{"start":{"line":632,"column":28},"end":{"line":632,"column":null}},"118":{"start":{"line":633,"column":24},"end":{"line":633,"column":null}},"119":{"start":{"line":634,"column":36},"end":{"line":634,"column":null}},"120":{"start":{"line":636,"column":2},"end":{"line":653,"column":null}},"121":{"start":{"line":638,"column":4},"end":{"line":652,"column":null}},"122":{"start":{"line":639,"column":43},"end":{"line":639,"column":51}},"123":{"start":{"line":640,"column":36},"end":{"line":640,"column":44}},"124":{"start":{"line":643,"column":8},"end":{"line":643,"column":null}},"125":{"start":{"line":645,"column":53},"end":{"line":645,"column":null}},"126":{"start":{"line":646,"column":8},"end":{"line":648,"column":null}},"127":{"start":{"line":647,"column":10},"end":{"line":647,"column":null}},"128":{"start":{"line":649,"column":8},"end":{"line":649,"column":null}},"129":{"start":{"line":650,"column":8},"end":{"line":650,"column":null}},"130":{"start":{"line":652,"column":19},"end":{"line":652,"column":58}},"131":{"start":{"line":655,"column":15},"end":{"line":655,"column":null}},"132":{"start":{"line":657,"column":2},"end":{"line":659,"column":null}},"133":{"start":{"line":658,"column":4},"end":{"line":658,"column":null}},"134":{"start":{"line":661,"column":2},"end":{"line":678,"column":null}},"135":{"start":{"line":662,"column":4},"end":{"line":676,"column":null}},"136":{"start":{"line":669,"column":12},"end":{"line":673,"column":null}},"137":{"start":{"line":680,"column":2},"end":{"line":744,"column":null}},"138":{"start":{"line":700,"column":10},"end":{"line":706,"column":null}},"139":{"start":{"line":705,"column":27},"end":{"line":705,"column":null}},"140":{"start":{"line":741,"column":25},"end":{"line":741,"column":null}}},"fnMap":{"0":{"name":"calcStats","decl":{"start":{"line":20,"column":9},"end":{"line":20,"column":19}},"loc":{"start":{"line":20,"column":45},"end":{"line":30,"column":null}},"line":20},"1":{"name":"(anonymous_1)","decl":{"start":{"line":21,"column":32},"end":{"line":21,"column":33}},"loc":{"start":{"line":21,"column":42},"end":{"line":21,"column":47}},"line":21},"2":{"name":"sigLabel","decl":{"start":{"line":51,"column":9},"end":{"line":51,"column":18}},"loc":{"start":{"line":51,"column":37},"end":{"line":53,"column":null}},"line":51},"3":{"name":"makeScale","decl":{"start":{"line":63,"column":9},"end":{"line":63,"column":19}},"loc":{"start":{"line":63,"column":89},"end":{"line":66,"column":null}},"line":63},"4":{"name":"(anonymous_4)","decl":{"start":{"line":64,"column":9},"end":{"line":64,"column":10}},"loc":{"start":{"line":65,"column":4},"end":{"line":65,"column":null}},"line":65},"5":{"name":"SingleBox","decl":{"start":{"line":76,"column":9},"end":{"line":76,"column":19}},"loc":{"start":{"line":76,"column":70},"end":{"line":101,"column":null}},"line":76},"6":{"name":"BoxplotModal","decl":{"start":{"line":105,"column":9},"end":{"line":105,"column":22}},"loc":{"start":{"line":110,"column":3},"end":{"line":378,"column":null}},"line":110},"7":{"name":"downloadPNG","decl":{"start":{"line":120,"column":17},"end":{"line":120,"column":31}},"loc":{"start":{"line":120,"column":31},"end":{"line":160,"column":null}},"line":120},"8":{"name":"(anonymous_8)","decl":{"start":{"line":131,"column":17},"end":{"line":131,"column":18}},"loc":{"start":{"line":131,"column":31},"end":{"line":151,"column":null}},"line":131},"9":{"name":"(anonymous_9)","decl":{"start":{"line":132,"column":43},"end":{"line":132,"column":51}},"loc":{"start":{"line":132,"column":51},"end":{"line":150,"column":11}},"line":132},"10":{"name":"(anonymous_10)","decl":{"start":{"line":135,"column":29},"end":{"line":135,"column":37}},"loc":{"start":{"line":135,"column":37},"end":{"line":142,"column":13}},"line":135},"11":{"name":"(anonymous_11)","decl":{"start":{"line":138,"column":71},"end":{"line":138,"column":72}},"loc":{"start":{"line":139,"column":18},"end":{"line":139,"column":null}},"line":139},"12":{"name":"(anonymous_12)","decl":{"start":{"line":146,"column":77},"end":{"line":146,"column":78}},"loc":{"start":{"line":147,"column":16},"end":{"line":147,"column":null}},"line":147},"13":{"name":"(anonymous_13)","decl":{"start":{"line":174,"column":50},"end":{"line":174,"column":51}},"loc":{"start":{"line":175,"column":4},"end":{"line":175,"column":null}},"line":175},"14":{"name":"(anonymous_14)","decl":{"start":{"line":184,"column":14},"end":{"line":184,"column":15}},"loc":{"start":{"line":184,"column":46},"end":{"line":184,"column":null}},"line":184},"15":{"name":"(anonymous_15)","decl":{"start":{"line":206,"column":17},"end":{"line":206,"column":22}},"loc":{"start":{"line":206,"column":22},"end":{"line":206,"column":null}},"line":206},"16":{"name":"(anonymous_16)","decl":{"start":{"line":235,"column":26},"end":{"line":235,"column":31}},"loc":{"start":{"line":235,"column":31},"end":{"line":235,"column":null}},"line":235},"17":{"name":"(anonymous_17)","decl":{"start":{"line":236,"column":26},"end":{"line":236,"column":31}},"loc":{"start":{"line":236,"column":31},"end":{"line":236,"column":null}},"line":236},"18":{"name":"(anonymous_18)","decl":{"start":{"line":255,"column":26},"end":{"line":255,"column":31}},"loc":{"start":{"line":255,"column":31},"end":{"line":255,"column":null}},"line":255},"19":{"name":"(anonymous_19)","decl":{"start":{"line":256,"column":26},"end":{"line":256,"column":31}},"loc":{"start":{"line":256,"column":31},"end":{"line":256,"column":null}},"line":256},"20":{"name":"(anonymous_20)","decl":{"start":{"line":284,"column":25},"end":{"line":284,"column":26}},"loc":{"start":{"line":284,"column":35},"end":{"line":298,"column":15}},"line":284},"21":{"name":"(anonymous_21)","decl":{"start":{"line":358,"column":30},"end":{"line":358,"column":31}},"loc":{"start":{"line":359,"column":18},"end":{"line":369,"column":null}},"line":359},"22":{"name":"BoxTooltip","decl":{"start":{"line":388,"column":9},"end":{"line":388,"column":20}},"loc":{"start":{"line":388,"column":76},"end":{"line":460,"column":null}},"line":388},"23":{"name":"(anonymous_23)","decl":{"start":{"line":426,"column":20},"end":{"line":426,"column":21}},"loc":{"start":{"line":427,"column":8},"end":{"line":442,"column":null}},"line":427},"24":{"name":"PopChart","decl":{"start":{"line":462,"column":9},"end":{"line":462,"column":18}},"loc":{"start":{"line":467,"column":3},"end":{"line":614,"column":null}},"line":467},"25":{"name":"(anonymous_25)","decl":{"start":{"line":483,"column":50},"end":{"line":483,"column":51}},"loc":{"start":{"line":484,"column":4},"end":{"line":484,"column":null}},"line":484},"26":{"name":"(anonymous_26)","decl":{"start":{"line":497,"column":19},"end":{"line":497,"column":24}},"loc":{"start":{"line":497,"column":24},"end":{"line":497,"column":null}},"line":497},"27":{"name":"(anonymous_27)","decl":{"start":{"line":498,"column":20},"end":{"line":498,"column":26}},"loc":{"start":{"line":498,"column":26},"end":{"line":498,"column":null}},"line":498},"28":{"name":"(anonymous_28)","decl":{"start":{"line":499,"column":20},"end":{"line":499,"column":25}},"loc":{"start":{"line":499,"column":25},"end":{"line":502,"column":null}},"line":499},"29":{"name":"(anonymous_29)","decl":{"start":{"line":525,"column":19},"end":{"line":525,"column":20}},"loc":{"start":{"line":525,"column":29},"end":{"line":539,"column":9}},"line":525},"30":{"name":"(anonymous_30)","decl":{"start":{"line":546,"column":24},"end":{"line":546,"column":30}},"loc":{"start":{"line":546,"column":30},"end":{"line":546,"column":null}},"line":546},"31":{"name":"(anonymous_31)","decl":{"start":{"line":547,"column":24},"end":{"line":547,"column":30}},"loc":{"start":{"line":547,"column":30},"end":{"line":547,"column":null}},"line":547},"32":{"name":"(anonymous_32)","decl":{"start":{"line":562,"column":24},"end":{"line":562,"column":30}},"loc":{"start":{"line":562,"column":30},"end":{"line":562,"column":null}},"line":562},"33":{"name":"(anonymous_33)","decl":{"start":{"line":563,"column":24},"end":{"line":563,"column":30}},"loc":{"start":{"line":563,"column":30},"end":{"line":563,"column":null}},"line":563},"34":{"name":"Shimmer","decl":{"start":{"line":616,"column":9},"end":{"line":616,"column":17}},"loc":{"start":{"line":616,"column":80},"end":{"line":627,"column":null}},"line":616},"35":{"name":"BoxplotSection","decl":{"start":{"line":629,"column":24},"end":{"line":629,"column":41}},"loc":{"start":{"line":629,"column":41},"end":{"line":746,"column":null}},"line":629},"36":{"name":"(anonymous_36)","decl":{"start":{"line":636,"column":12},"end":{"line":636,"column":18}},"loc":{"start":{"line":636,"column":18},"end":{"line":653,"column":5}},"line":636},"37":{"name":"(anonymous_37)","decl":{"start":{"line":639,"column":38},"end":{"line":639,"column":43}},"loc":{"start":{"line":639,"column":43},"end":{"line":639,"column":51}},"line":639},"38":{"name":"(anonymous_38)","decl":{"start":{"line":640,"column":31},"end":{"line":640,"column":36}},"loc":{"start":{"line":640,"column":36},"end":{"line":640,"column":44}},"line":640},"39":{"name":"(anonymous_39)","decl":{"start":{"line":642,"column":12},"end":{"line":642,"column":13}},"loc":{"start":{"line":642,"column":36},"end":{"line":651,"column":7}},"line":642},"40":{"name":"(anonymous_40)","decl":{"start":{"line":652,"column":13},"end":{"line":652,"column":19}},"loc":{"start":{"line":652,"column":19},"end":{"line":652,"column":58}},"line":652},"41":{"name":"(anonymous_41)","decl":{"start":{"line":668,"column":20},"end":{"line":668,"column":null}},"loc":{"start":{"line":669,"column":12},"end":{"line":673,"column":null}},"line":669},"42":{"name":"(anonymous_42)","decl":{"start":{"line":699,"column":18},"end":{"line":699,"column":null}},"loc":{"start":{"line":700,"column":10},"end":{"line":706,"column":null}},"line":700},"43":{"name":"(anonymous_43)","decl":{"start":{"line":705,"column":21},"end":{"line":705,"column":27}},"loc":{"start":{"line":705,"column":27},"end":{"line":705,"column":null}},"line":705},"44":{"name":"(anonymous_44)","decl":{"start":{"line":741,"column":19},"end":{"line":741,"column":25}},"loc":{"start":{"line":741,"column":25},"end":{"line":741,"column":null}},"line":741}},"branchMap":{"0":{"loc":{"start":{"line":52,"column":9},"end":{"line":52,"column":null}},"type":"cond-expr","locations":[{"start":{"line":52,"column":20},"end":{"line":52,"column":28}},{"start":{"line":52,"column":28},"end":{"line":52,"column":null}}],"line":52},"1":{"loc":{"start":{"line":121,"column":4},"end":{"line":121,"column":null}},"type":"if","locations":[{"start":{"line":121,"column":4},"end":{"line":121,"column":null}},{"start":{},"end":{}}],"line":121},"2":{"loc":{"start":{"line":121,"column":8},"end":{"line":121,"column":41}},"type":"binary-expr","locations":[{"start":{"line":121,"column":8},"end":{"line":121,"column":28}},{"start":{"line":121,"column":28},"end":{"line":121,"column":41}}],"line":121},"3":{"loc":{"start":{"line":130,"column":25},"end":{"line":130,"column":null}},"type":"binary-expr","locations":[{"start":{"line":130,"column":25},"end":{"line":130,"column":75}},{"start":{"line":130,"column":75},"end":{"line":130,"column":null}}],"line":130},"4":{"loc":{"start":{"line":137,"column":14},"end":{"line":141,"column":null}},"type":"if","locations":[{"start":{"line":137,"column":14},"end":{"line":141,"column":null}},{"start":{},"end":{}}],"line":137},"5":{"loc":{"start":{"line":137,"column":18},"end":{"line":137,"column":47}},"type":"binary-expr","locations":[{"start":{"line":137,"column":18},"end":{"line":137,"column":25}},{"start":{"line":137,"column":25},"end":{"line":137,"column":47}}],"line":137},"6":{"loc":{"start":{"line":139,"column":18},"end":{"line":139,"column":null}},"type":"binary-expr","locations":[{"start":{"line":139,"column":18},"end":{"line":139,"column":68}},{"start":{"line":139,"column":68},"end":{"line":139,"column":null}}],"line":139},"7":{"loc":{"start":{"line":145,"column":12},"end":{"line":149,"column":null}},"type":"if","locations":[{"start":{"line":145,"column":12},"end":{"line":149,"column":null}},{"start":{},"end":{}}],"line":145},"8":{"loc":{"start":{"line":145,"column":16},"end":{"line":145,"column":55}},"type":"binary-expr","locations":[{"start":{"line":145,"column":16},"end":{"line":145,"column":28}},{"start":{"line":145,"column":28},"end":{"line":145,"column":55}}],"line":145},"9":{"loc":{"start":{"line":147,"column":16},"end":{"line":147,"column":null}},"type":"binary-expr","locations":[{"start":{"line":147,"column":16},"end":{"line":147,"column":66}},{"start":{"line":147,"column":66},"end":{"line":147,"column":null}}],"line":147},"10":{"loc":{"start":{"line":184,"column":46},"end":{"line":184,"column":null}},"type":"cond-expr","locations":[{"start":{"line":184,"column":62},"end":{"line":184,"column":76}},{"start":{"line":184,"column":76},"end":{"line":184,"column":null}}],"line":184},"11":{"loc":{"start":{"line":229,"column":22},"end":{"line":229,"column":null}},"type":"cond-expr","locations":[{"start":{"line":229,"column":36},"end":{"line":229,"column":48}},{"start":{"line":229,"column":48},"end":{"line":229,"column":null}}],"line":229},"12":{"loc":{"start":{"line":230,"column":21},"end":{"line":230,"column":null}},"type":"cond-expr","locations":[{"start":{"line":230,"column":35},"end":{"line":230,"column":60}},{"start":{"line":230,"column":60},"end":{"line":230,"column":null}}],"line":230},"13":{"loc":{"start":{"line":231,"column":23},"end":{"line":231,"column":null}},"type":"cond-expr","locations":[{"start":{"line":231,"column":37},"end":{"line":231,"column":43}},{"start":{"line":231,"column":43},"end":{"line":231,"column":null}}],"line":231},"14":{"loc":{"start":{"line":235,"column":33},"end":{"line":235,"column":208}},"type":"if","locations":[{"start":{"line":235,"column":33},"end":{"line":235,"column":208}},{"start":{},"end":{}}],"line":235},"15":{"loc":{"start":{"line":275,"column":13},"end":{"line":275,"column":null}},"type":"binary-expr","locations":[{"start":{"line":275,"column":13},"end":{"line":275,"column":34}},{"start":{"line":275,"column":34},"end":{"line":275,"column":null}}],"line":275},"16":{"loc":{"start":{"line":312,"column":26},"end":{"line":312,"column":null}},"type":"cond-expr","locations":[{"start":{"line":312,"column":34},"end":{"line":312,"column":63}},{"start":{"line":312,"column":63},"end":{"line":312,"column":null}}],"line":312},"17":{"loc":{"start":{"line":313,"column":35},"end":{"line":313,"column":83}},"type":"cond-expr","locations":[{"start":{"line":313,"column":43},"end":{"line":313,"column":68}},{"start":{"line":313,"column":68},"end":{"line":313,"column":83}}],"line":313},"18":{"loc":{"start":{"line":316,"column":120},"end":{"line":316,"column":163}},"type":"cond-expr","locations":[{"start":{"line":316,"column":128},"end":{"line":316,"column":140}},{"start":{"line":316,"column":140},"end":{"line":316,"column":163}}],"line":316},"19":{"loc":{"start":{"line":324,"column":25},"end":{"line":324,"column":null}},"type":"cond-expr","locations":[{"start":{"line":324,"column":33},"end":{"line":324,"column":45}},{"start":{"line":324,"column":45},"end":{"line":324,"column":null}}],"line":324},"20":{"loc":{"start":{"line":326,"column":23},"end":{"line":326,"column":null}},"type":"cond-expr","locations":[{"start":{"line":326,"column":45},"end":{"line":326,"column":76}},{"start":{"line":326,"column":76},"end":{"line":326,"column":null}}],"line":326},"21":{"loc":{"start":{"line":331,"column":25},"end":{"line":331,"column":null}},"type":"cond-expr","locations":[{"start":{"line":331,"column":33},"end":{"line":331,"column":45}},{"start":{"line":331,"column":45},"end":{"line":331,"column":null}}],"line":331},"22":{"loc":{"start":{"line":334,"column":19},"end":{"line":334,"column":null}},"type":"cond-expr","locations":[{"start":{"line":334,"column":27},"end":{"line":334,"column":35}},{"start":{"line":334,"column":35},"end":{"line":334,"column":null}}],"line":334},"23":{"loc":{"start":{"line":337,"column":51},"end":{"line":337,"column":94}},"type":"cond-expr","locations":[{"start":{"line":337,"column":59},"end":{"line":337,"column":71}},{"start":{"line":337,"column":71},"end":{"line":337,"column":94}}],"line":337},"24":{"loc":{"start":{"line":338,"column":17},"end":{"line":338,"column":null}},"type":"cond-expr","locations":[{"start":{"line":338,"column":25},"end":{"line":338,"column":55}},{"start":{"line":338,"column":55},"end":{"line":338,"column":null}}],"line":338},"25":{"loc":{"start":{"line":359,"column":61},"end":{"line":359,"column":122}},"type":"cond-expr","locations":[{"start":{"line":359,"column":87},"end":{"line":359,"column":115}},{"start":{"line":359,"column":115},"end":{"line":359,"column":122}}],"line":359},"26":{"loc":{"start":{"line":360,"column":97},"end":{"line":360,"column":132}},"type":"cond-expr","locations":[{"start":{"line":360,"column":122},"end":{"line":360,"column":128}},{"start":{"line":360,"column":128},"end":{"line":360,"column":132}}],"line":360},"27":{"loc":{"start":{"line":363,"column":151},"end":{"line":363,"column":186}},"type":"cond-expr","locations":[{"start":{"line":363,"column":176},"end":{"line":363,"column":182}},{"start":{"line":363,"column":182},"end":{"line":363,"column":186}}],"line":363},"28":{"loc":{"start":{"line":366,"column":151},"end":{"line":366,"column":186}},"type":"cond-expr","locations":[{"start":{"line":366,"column":176},"end":{"line":366,"column":182}},{"start":{"line":366,"column":182},"end":{"line":366,"column":186}}],"line":366},"29":{"loc":{"start":{"line":397,"column":21},"end":{"line":397,"column":null}},"type":"cond-expr","locations":[{"start":{"line":397,"column":35},"end":{"line":397,"column":56}},{"start":{"line":397,"column":56},"end":{"line":397,"column":null}}],"line":397},"30":{"loc":{"start":{"line":400,"column":15},"end":{"line":400,"column":null}},"type":"cond-expr","locations":[{"start":{"line":400,"column":49},"end":{"line":400,"column":56}},{"start":{"line":400,"column":56},"end":{"line":400,"column":null}}],"line":400},"31":{"loc":{"start":{"line":418,"column":9},"end":{"line":418,"column":null}},"type":"binary-expr","locations":[{"start":{"line":418,"column":9},"end":{"line":418,"column":30}},{"start":{"line":418,"column":30},"end":{"line":418,"column":null}}],"line":418},"32":{"loc":{"start":{"line":422,"column":9},"end":{"line":422,"column":null}},"type":"cond-expr","locations":[{"start":{"line":422,"column":23},"end":{"line":422,"column":37}},{"start":{"line":422,"column":37},"end":{"line":422,"column":null}}],"line":422},"33":{"loc":{"start":{"line":434,"column":69},"end":{"line":434,"column":100}},"type":"cond-expr","locations":[{"start":{"line":434,"column":90},"end":{"line":434,"column":96}},{"start":{"line":434,"column":96},"end":{"line":434,"column":100}}],"line":434},"34":{"loc":{"start":{"line":438,"column":24},"end":{"line":438,"column":null}},"type":"cond-expr","locations":[{"start":{"line":438,"column":45},"end":{"line":438,"column":51}},{"start":{"line":438,"column":51},"end":{"line":438,"column":null}}],"line":438},"35":{"loc":{"start":{"line":511,"column":32},"end":{"line":511,"column":59}},"type":"binary-expr","locations":[{"start":{"line":511,"column":32},"end":{"line":511,"column":53}},{"start":{"line":511,"column":53},"end":{"line":511,"column":59}}],"line":511},"36":{"loc":{"start":{"line":521,"column":9},"end":{"line":521,"column":null}},"type":"binary-expr","locations":[{"start":{"line":521,"column":9},"end":{"line":521,"column":30}},{"start":{"line":521,"column":30},"end":{"line":521,"column":null}}],"line":521},"37":{"loc":{"start":{"line":583,"column":20},"end":{"line":583,"column":null}},"type":"cond-expr","locations":[{"start":{"line":583,"column":28},"end":{"line":583,"column":57}},{"start":{"line":583,"column":57},"end":{"line":583,"column":null}}],"line":583},"38":{"loc":{"start":{"line":584,"column":29},"end":{"line":584,"column":76}},"type":"cond-expr","locations":[{"start":{"line":584,"column":37},"end":{"line":584,"column":61}},{"start":{"line":584,"column":61},"end":{"line":584,"column":76}}],"line":584},"39":{"loc":{"start":{"line":590,"column":17},"end":{"line":590,"column":null}},"type":"cond-expr","locations":[{"start":{"line":590,"column":25},"end":{"line":590,"column":37}},{"start":{"line":590,"column":37},"end":{"line":590,"column":null}}],"line":590},"40":{"loc":{"start":{"line":592,"column":15},"end":{"line":592,"column":null}},"type":"cond-expr","locations":[{"start":{"line":592,"column":37},"end":{"line":592,"column":68}},{"start":{"line":592,"column":68},"end":{"line":592,"column":null}}],"line":592},"41":{"loc":{"start":{"line":597,"column":17},"end":{"line":597,"column":null}},"type":"cond-expr","locations":[{"start":{"line":597,"column":25},"end":{"line":597,"column":37}},{"start":{"line":597,"column":37},"end":{"line":597,"column":null}}],"line":597},"42":{"loc":{"start":{"line":605,"column":7},"end":{"line":611,"column":null}},"type":"binary-expr","locations":[{"start":{"line":605,"column":7},"end":{"line":605,"column":21}},{"start":{"line":605,"column":7},"end":{"line":611,"column":null}}],"line":605},"43":{"loc":{"start":{"line":655,"column":15},"end":{"line":655,"column":null}},"type":"cond-expr","locations":[{"start":{"line":655,"column":29},"end":{"line":655,"column":56}},{"start":{"line":655,"column":56},"end":{"line":655,"column":null}}],"line":655},"44":{"loc":{"start":{"line":657,"column":2},"end":{"line":659,"column":null}},"type":"if","locations":[{"start":{"line":657,"column":2},"end":{"line":659,"column":null}},{"start":{},"end":{}}],"line":657},"45":{"loc":{"start":{"line":661,"column":2},"end":{"line":678,"column":null}},"type":"if","locations":[{"start":{"line":661,"column":2},"end":{"line":678,"column":null}},{"start":{},"end":{}}],"line":661},"46":{"loc":{"start":{"line":736,"column":7},"end":{"line":742,"column":null}},"type":"binary-expr","locations":[{"start":{"line":736,"column":7},"end":{"line":736,"column":22}},{"start":{"line":736,"column":22},"end":{"line":736,"column":37}},{"start":{"line":736,"column":37},"end":{"line":736,"column":null}},{"start":{"line":737,"column":8},"end":{"line":742,"column":null}}],"line":736}},"s":{"0":418,"1":1045,"2":418,"3":418,"4":2,"5":195,"6":2,"7":2,"8":2,"9":2,"10":2,"11":209,"12":4110,"13":418,"14":418,"15":418,"16":418,"17":418,"18":418,"19":418,"20":418,"21":14,"22":14,"23":14,"24":14,"25":14,"26":14,"27":14,"28":1,"29":0,"30":1,"31":1,"32":1,"33":1,"34":1,"35":1,"36":1,"37":4,"38":4,"39":2,"40":2,"41":1,"42":1,"43":1,"44":2,"45":1,"46":1,"47":1,"48":1,"49":1,"50":14,"51":14,"52":14,"53":14,"54":14,"55":14,"56":14,"57":14,"58":14,"59":14,"60":14,"61":70,"62":14,"63":14,"64":14,"65":14,"66":168,"67":14,"68":14,"69":2,"70":1,"71":1,"72":1,"73":1,"74":1,"75":1,"76":1,"77":1,"78":1,"79":70,"80":70,"81":84,"82":4,"83":4,"84":4,"85":4,"86":4,"87":20,"88":195,"89":195,"90":195,"91":195,"92":195,"93":195,"94":195,"95":195,"96":195,"97":195,"98":780,"99":195,"100":195,"101":195,"102":195,"103":195,"104":2,"105":5,"106":5,"107":5,"108":780,"109":780,"110":3,"111":3,"112":1,"113":1,"114":720,"115":83,"116":83,"117":83,"118":83,"119":83,"120":83,"121":38,"122":36,"123":36,"124":36,"125":36,"126":36,"127":180,"128":36,"129":36,"130":1,"131":83,"132":83,"133":1,"134":82,"135":45,"136":225,"137":37,"138":185,"139":12,"140":2},"f":{"0":418,"1":1045,"2":195,"3":209,"4":4110,"5":418,"6":14,"7":1,"8":1,"9":1,"10":4,"11":2,"12":2,"13":70,"14":168,"15":2,"16":1,"17":1,"18":1,"19":1,"20":70,"21":84,"22":4,"23":20,"24":195,"25":780,"26":2,"27":5,"28":5,"29":780,"30":3,"31":3,"32":1,"33":1,"34":720,"35":83,"36":38,"37":36,"38":36,"39":36,"40":1,"41":225,"42":185,"43":12,"44":2},"b":{"0":[158,37],"1":[0,1],"2":[1,1],"3":[1,1],"4":[2,2],"5":[4,2],"6":[2,2],"7":[1,0],"8":[1,1],"9":[2,2],"10":[28,140],"11":[1,13],"12":[1,13],"13":[1,13],"14":[1,0],"15":[14,0],"16":[13,1],"17":[13,1],"18":[13,1],"19":[13,1],"20":[0,14],"21":[13,1],"22":[13,1],"23":[13,1],"24":[13,1],"25":[70,14],"26":[14,70],"27":[14,70],"28":[14,70],"29":[3,1],"30":[1,3],"31":[4,0],"32":[3,1],"33":[4,16],"34":[4,16],"35":[195,0],"36":[195,0],"37":[158,37],"38":[158,37],"39":[158,37],"40":[37,158],"41":[158,37],"42":[195,4],"43":[37,46],"44":[1,82],"45":[45,37],"46":[37,12,12,12]},"meta":{"lastBranch":47,"lastFunction":45,"lastStatement":141,"seen":{"f:20:9:20:19":0,"s:21:17:21:Infinity":0,"f:21:32:21:33":1,"s:21:42:21:47":1,"s:22:12:22:Infinity":2,"s:23:2:29:Infinity":3,"s:42:42:48:Infinity":4,"f:51:9:51:18":2,"s:52:2:52:Infinity":5,"b:52:20:52:28:52:28:52:Infinity":0,"s:55:14:55:Infinity":6,"s:56:14:56:Infinity":7,"s:57:12:57:Infinity":8,"s:58:14:58:Infinity":9,"s:59:14:59:Infinity":10,"f:63:9:63:19":3,"s:64:2:65:Infinity":11,"f:64:9:64:10":4,"s:65:4:65:Infinity":12,"f:76:9:76:19":5,"s:77:15:77:Infinity":13,"s:78:15:78:Infinity":14,"s:79:15:79:Infinity":15,"s:80:15:80:Infinity":16,"s:81:15:81:Infinity":17,"s:82:15:82:Infinity":18,"s:83:15:83:Infinity":19,"s:85:2:99:Infinity":20,"f:105:9:105:22":6,"s:111:17:111:Infinity":21,"s:112:17:112:Infinity":22,"s:113:17:113:Infinity":23,"s:114:17:114:Infinity":24,"s:115:17:115:Infinity":25,"s:117:8:117:Infinity":26,"s:118:36:118:Infinity":27,"f:120:17:120:31":7,"b:121:4:121:Infinity:undefined:undefined:undefined:undefined":1,"s:121:4:121:Infinity":28,"b:121:8:121:28:121:28:121:41":2,"s:121:41:121:Infinity":29,"s:122:4:122:Infinity":30,"s:123:4:159:Infinity":31,"s:124:24:124:Infinity":32,"s:127:21:152:Infinity":33,"b:130:25:130:75:130:75:130:Infinity":3,"f:131:17:131:18":8,"s:132:10:150:Infinity":34,"f:132:43:132:51":9,"s:134:29:134:Infinity":35,"s:135:12:142:Infinity":36,"f:135:29:135:37":10,"s:136:26:136:Infinity":37,"b:137:14:141:Infinity:undefined:undefined:undefined:undefined":4,"s:137:14:141:Infinity":38,"b:137:18:137:25:137:25:137:47":5,"s:138:16:140:Infinity":39,"f:138:71:138:72":11,"s:139:18:139:Infinity":40,"b:139:18:139:68:139:68:139:Infinity":6,"s:144:29:144:Infinity":41,"b:145:12:149:Infinity:undefined:undefined:undefined:undefined":7,"s:145:12:149:Infinity":42,"b:145:16:145:28:145:28:145:55":8,"s:146:14:148:Infinity":43,"f:146:77:146:78":12,"s:147:16:147:Infinity":44,"b:147:16:147:66:147:66:147:Infinity":9,"s:153:19:153:Infinity":45,"s:154:6:154:Infinity":46,"s:155:6:155:Infinity":47,"s:156:6:156:Infinity":48,"s:158:6:158:Infinity":49,"s:162:14:162:Infinity":50,"s:163:14:163:Infinity":51,"s:164:16:164:Infinity":52,"s:165:17:165:Infinity":53,"s:166:17:166:Infinity":54,"s:168:18:168:Infinity":55,"s:169:20:169:Infinity":56,"s:170:20:170:Infinity":57,"s:171:16:171:Infinity":58,"s:173:20:173:Infinity":59,"s:174:16:176:Infinity":60,"f:174:50:174:51":13,"s:175:4:175:Infinity":61,"s:178:15:178:Infinity":62,"s:179:15:179:Infinity":63,"s:180:15:180:Infinity":64,"s:184:14:184:Infinity":65,"f:184:14:184:15":14,"s:184:46:184:Infinity":66,"b:184:62:184:76:184:76:184:Infinity":10,"s:185:62:192:Infinity":67,"s:194:2:376:Infinity":68,"f:206:17:206:22":15,"s:206:22:206:Infinity":69,"b:229:36:229:48:229:48:229:Infinity":11,"b:230:35:230:60:230:60:230:Infinity":12,"b:231:37:231:43:231:43:231:Infinity":13,"f:235:26:235:31":16,"b:235:33:235:208:undefined:undefined:undefined:undefined":14,"s:235:33:235:208":70,"s:235:54:235:131":71,"s:235:132:235:206":72,"f:236:26:236:31":17,"s:236:34:236:99":73,"s:236:100:236:176":74,"f:255:26:255:31":18,"s:255:34:255:111":75,"s:255:112:255:186":76,"f:256:26:256:31":19,"s:256:34:256:99":77,"s:256:100:256:175":78,"b:275:13:275:34:275:34:275:Infinity":15,"f:284:25:284:26":20,"s:285:26:285:Infinity":79,"s:286:16:296:Infinity":80,"b:312:34:312:63:312:63:312:Infinity":16,"b:313:43:313:68:313:68:313:83":17,"b:316:128:316:140:316:140:316:163":18,"b:324:33:324:45:324:45:324:Infinity":19,"b:326:45:326:76:326:76:326:Infinity":20,"b:331:33:331:45:331:45:331:Infinity":21,"b:334:27:334:35:334:35:334:Infinity":22,"b:337:59:337:71:337:71:337:94":23,"b:338:25:338:55:338:55:338:Infinity":24,"f:358:30:358:31":21,"s:359:18:369:Infinity":81,"b:359:87:359:115:359:115:359:122":25,"b:360:122:360:128:360:128:360:132":26,"b:363:176:363:182:363:182:363:186":27,"b:366:176:366:182:366:182:366:186":28,"f:388:9:388:20":22,"s:389:39:395:Infinity":82,"s:396:22:396:Infinity":83,"s:397:21:397:Infinity":84,"b:397:35:397:56:397:56:397:Infinity":29,"s:400:15:400:Infinity":85,"b:400:49:400:56:400:56:400:Infinity":30,"s:402:2:458:Infinity":86,"b:418:9:418:30:418:30:418:Infinity":31,"b:422:23:422:37:422:37:422:Infinity":32,"f:426:20:426:21":23,"s:427:8:442:Infinity":87,"b:434:90:434:96:434:96:434:100":33,"b:438:45:438:51:438:51:438:Infinity":34,"f:462:9:462:18":24,"s:468:17:468:Infinity":88,"s:469:17:469:Infinity":89,"s:474:34:474:Infinity":90,"s:475:30:475:Infinity":91,"s:477:18:477:Infinity":92,"s:478:20:478:Infinity":93,"s:479:20:479:Infinity":94,"s:480:16:480:Infinity":95,"s:482:20:482:Infinity":96,"s:483:16:485:Infinity":97,"f:483:50:483:51":25,"s:484:4:484:Infinity":98,"s:487:15:487:Infinity":99,"s:488:14:488:Infinity":100,"s:489:14:489:Infinity":101,"s:491:16:491:Infinity":102,"s:493:2:612:Infinity":103,"f:497:19:497:24":26,"s:497:24:497:Infinity":104,"f:498:20:498:26":27,"s:498:26:498:Infinity":105,"f:499:20:499:25":28,"s:500:10:500:Infinity":106,"s:501:8:501:Infinity":107,"b:511:32:511:53:511:53:511:59":35,"b:521:9:521:30:521:30:521:Infinity":36,"f:525:19:525:20":29,"s:526:20:526:Infinity":108,"s:527:10:537:Infinity":109,"f:546:24:546:30":30,"s:546:30:546:Infinity":110,"f:547:24:547:30":31,"s:547:30:547:Infinity":111,"f:562:24:562:30":32,"s:562:30:562:Infinity":112,"f:563:24:563:30":33,"s:563:30:563:Infinity":113,"b:583:28:583:57:583:57:583:Infinity":37,"b:584:37:584:61:584:61:584:76":38,"b:590:25:590:37:590:37:590:Infinity":39,"b:592:37:592:68:592:68:592:Infinity":40,"b:597:25:597:37:597:37:597:Infinity":41,"b:605:7:605:21:605:7:611:Infinity":42,"f:616:9:616:17":34,"s:617:2:625:Infinity":114,"f:629:24:629:41":35,"s:630:36:630:Infinity":115,"s:631:32:631:Infinity":116,"s:632:28:632:Infinity":117,"s:633:24:633:Infinity":118,"s:634:36:634:Infinity":119,"s:636:2:653:Infinity":120,"f:636:12:636:18":36,"s:638:4:652:Infinity":121,"f:639:38:639:43":37,"s:639:43:639:51":122,"f:640:31:640:36":38,"s:640:36:640:44":123,"f:642:12:642:13":39,"s:643:8:643:Infinity":124,"s:645:53:645:Infinity":125,"s:646:8:648:Infinity":126,"s:647:10:647:Infinity":127,"s:649:8:649:Infinity":128,"s:650:8:650:Infinity":129,"f:652:13:652:19":40,"s:652:19:652:58":130,"s:655:15:655:Infinity":131,"b:655:29:655:56:655:56:655:Infinity":43,"b:657:2:659:Infinity:undefined:undefined:undefined:undefined":44,"s:657:2:659:Infinity":132,"s:658:4:658:Infinity":133,"b:661:2:678:Infinity:undefined:undefined:undefined:undefined":45,"s:661:2:678:Infinity":134,"s:662:4:676:Infinity":135,"f:668:20:668:Infinity":41,"s:669:12:673:Infinity":136,"s:680:2:744:Infinity":137,"f:699:18:699:Infinity":42,"s:700:10:706:Infinity":138,"f:705:21:705:27":43,"s:705:27:705:Infinity":139,"b:736:7:736:22:736:22:736:37:736:37:736:Infinity:737:8:742:Infinity":46,"f:741:19:741:25":44,"s:741:25:741:Infinity":140}}}
,"/Users/joelindurkar/Desktop/TeikoOA/TeikoTechnical/dashboard/src/components/DataTable.tsx": {"path":"/Users/joelindurkar/Desktop/TeikoOA/TeikoTechnical/dashboard/src/components/DataTable.tsx","statementMap":{"0":{"start":{"line":15,"column":26},"end":{"line":15,"column":null}},"1":{"start":{"line":17,"column":20},"end":{"line":17,"column":null}},"2":{"start":{"line":19,"column":54},"end":{"line":25,"column":null}},"3":{"start":{"line":28,"column":64},"end":{"line":34,"column":null}},"4":{"start":{"line":36,"column":41},"end":{"line":44,"column":null}},"5":{"start":{"line":47,"column":2},"end":{"line":55,"column":null}},"6":{"start":{"line":60,"column":22},"end":{"line":60,"column":null}},"7":{"start":{"line":61,"column":28},"end":{"line":61,"column":null}},"8":{"start":{"line":62,"column":24},"end":{"line":62,"column":null}},"9":{"start":{"line":63,"column":28},"end":{"line":63,"column":null}},"10":{"start":{"line":64,"column":28},"end":{"line":64,"column":null}},"11":{"start":{"line":65,"column":22},"end":{"line":65,"column":null}},"12":{"start":{"line":66,"column":30},"end":{"line":66,"column":null}},"13":{"start":{"line":67,"column":34},"end":{"line":67,"column":null}},"14":{"start":{"line":69,"column":32},"end":{"line":69,"column":null}},"15":{"start":{"line":70,"column":26},"end":{"line":70,"column":null}},"16":{"start":{"line":72,"column":32},"end":{"line":72,"column":null}},"17":{"start":{"line":74,"column":2},"end":{"line":82,"column":null}},"18":{"start":{"line":75,"column":4},"end":{"line":81,"column":null}},"19":{"start":{"line":76,"column":17},"end":{"line":76,"column":25}},"20":{"start":{"line":78,"column":8},"end":{"line":78,"column":null}},"21":{"start":{"line":79,"column":8},"end":{"line":79,"column":null}},"22":{"start":{"line":81,"column":19},"end":{"line":81,"column":50}},"23":{"start":{"line":85,"column":2},"end":{"line":88,"column":null}},"24":{"start":{"line":86,"column":14},"end":{"line":86,"column":null}},"25":{"start":{"line":86,"column":31},"end":{"line":86,"column":74}},"26":{"start":{"line":87,"column":4},"end":{"line":87,"column":null}},"27":{"start":{"line":87,"column":17},"end":{"line":87,"column":null}},"28":{"start":{"line":91,"column":2},"end":{"line":91,"column":null}},"29":{"start":{"line":91,"column":20},"end":{"line":91,"column":31}},"30":{"start":{"line":94,"column":4},"end":{"line":99,"column":null}},"31":{"start":{"line":95,"column":6},"end":{"line":95,"column":null}},"32":{"start":{"line":95,"column":22},"end":{"line":95,"column":50}},"33":{"start":{"line":97,"column":6},"end":{"line":97,"column":null}},"34":{"start":{"line":98,"column":6},"end":{"line":98,"column":null}},"35":{"start":{"line":100,"column":4},"end":{"line":100,"column":null}},"36":{"start":{"line":104,"column":8},"end":{"line":116,"column":null}},"37":{"start":{"line":105,"column":15},"end":{"line":105,"column":null}},"38":{"start":{"line":106,"column":4},"end":{"line":106,"column":null}},"39":{"start":{"line":106,"column":16},"end":{"line":106,"column":null}},"40":{"start":{"line":106,"column":40},"end":{"line":106,"column":79}},"41":{"start":{"line":108,"column":4},"end":{"line":108,"column":null}},"42":{"start":{"line":108,"column":30},"end":{"line":108,"column":null}},"43":{"start":{"line":108,"column":54},"end":{"line":108,"column":86}},"44":{"start":{"line":109,"column":4},"end":{"line":115,"column":null}},"45":{"start":{"line":110,"column":19},"end":{"line":110,"column":null}},"46":{"start":{"line":111,"column":19},"end":{"line":111,"column":null}},"47":{"start":{"line":112,"column":6},"end":{"line":112,"column":null}},"48":{"start":{"line":112,"column":23},"end":{"line":112,"column":null}},"49":{"start":{"line":113,"column":6},"end":{"line":113,"column":null}},"50":{"start":{"line":113,"column":23},"end":{"line":113,"column":null}},"51":{"start":{"line":114,"column":6},"end":{"line":114,"column":null}},"52":{"start":{"line":118,"column":21},"end":{"line":118,"column":null}},"53":{"start":{"line":119,"column":19},"end":{"line":119,"column":null}},"54":{"start":{"line":120,"column":21},"end":{"line":120,"column":null}},"55":{"start":{"line":124,"column":20},"end":{"line":124,"column":null}},"56":{"start":{"line":125,"column":17},"end":{"line":127,"column":null}},"57":{"start":{"line":126,"column":6},"end":{"line":126,"column":null}},"58":{"start":{"line":128,"column":16},"end":{"line":128,"column":null}},"59":{"start":{"line":129,"column":17},"end":{"line":129,"column":null}},"60":{"start":{"line":130,"column":16},"end":{"line":130,"column":null}},"61":{"start":{"line":131,"column":14},"end":{"line":131,"column":null}},"62":{"start":{"line":132,"column":4},"end":{"line":132,"column":null}},"63":{"start":{"line":133,"column":4},"end":{"line":133,"column":null}},"64":{"start":{"line":134,"column":4},"end":{"line":134,"column":null}},"65":{"start":{"line":135,"column":4},"end":{"line":135,"column":null}},"66":{"start":{"line":138,"column":39},"end":{"line":148,"column":null}},"67":{"start":{"line":150,"column":2},"end":{"line":152,"column":null}},"68":{"start":{"line":151,"column":4},"end":{"line":151,"column":null}},"69":{"start":{"line":154,"column":2},"end":{"line":169,"column":null}},"70":{"start":{"line":155,"column":4},"end":{"line":167,"column":null}},"71":{"start":{"line":159,"column":50},"end":{"line":159,"column":91}},"72":{"start":{"line":162,"column":12},"end":{"line":164,"column":null}},"73":{"start":{"line":163,"column":52},"end":{"line":163,"column":93}},"74":{"start":{"line":171,"column":2},"end":{"line":435,"column":null}},"75":{"start":{"line":216,"column":16},"end":{"line":244,"column":null}},"76":{"start":{"line":218,"column":33},"end":{"line":218,"column":null}},"77":{"start":{"line":255,"column":37},"end":{"line":255,"column":55}},"78":{"start":{"line":255,"column":55},"end":{"line":255,"column":72}},"79":{"start":{"line":273,"column":34},"end":{"line":273,"column":null}},"80":{"start":{"line":274,"column":33},"end":{"line":274,"column":null}},"81":{"start":{"line":275,"column":16},"end":{"line":350,"column":null}},"82":{"start":{"line":278,"column":40},"end":{"line":278,"column":null}},"83":{"start":{"line":279,"column":40},"end":{"line":279,"column":null}},"84":{"start":{"line":374,"column":29},"end":{"line":374,"column":66}},"85":{"start":{"line":374,"column":66},"end":{"line":374,"column":77}},"86":{"start":{"line":377,"column":40},"end":{"line":377,"column":78}},"87":{"start":{"line":401,"column":41},"end":{"line":401,"column":58}},"88":{"start":{"line":401,"column":58},"end":{"line":401,"column":104}},"89":{"start":{"line":401,"column":104},"end":{"line":401,"column":142}},"90":{"start":{"line":402,"column":41},"end":{"line":402,"column":58}},"91":{"start":{"line":402,"column":58},"end":{"line":402,"column":97}},"92":{"start":{"line":402,"column":97},"end":{"line":402,"column":137}},"93":{"start":{"line":420,"column":27},"end":{"line":420,"column":null}},"94":{"start":{"line":420,"column":40},"end":{"line":420,"column":45}},"95":{"start":{"line":427,"column":27},"end":{"line":427,"column":null}},"96":{"start":{"line":427,"column":40},"end":{"line":427,"column":45}}},"fnMap":{"0":{"name":"Shimmer","decl":{"start":{"line":46,"column":9},"end":{"line":46,"column":17}},"loc":{"start":{"line":46,"column":80},"end":{"line":57,"column":null}},"line":46},"1":{"name":"DataTable","decl":{"start":{"line":59,"column":24},"end":{"line":59,"column":36}},"loc":{"start":{"line":59,"column":36},"end":{"line":437,"column":null}},"line":59},"2":{"name":"(anonymous_2)","decl":{"start":{"line":74,"column":12},"end":{"line":74,"column":18}},"loc":{"start":{"line":74,"column":18},"end":{"line":82,"column":5}},"line":74},"3":{"name":"(anonymous_3)","decl":{"start":{"line":76,"column":12},"end":{"line":76,"column":17}},"loc":{"start":{"line":76,"column":17},"end":{"line":76,"column":25}},"line":76},"4":{"name":"(anonymous_4)","decl":{"start":{"line":77,"column":12},"end":{"line":77,"column":20}},"loc":{"start":{"line":77,"column":20},"end":{"line":80,"column":7}},"line":77},"5":{"name":"(anonymous_5)","decl":{"start":{"line":81,"column":13},"end":{"line":81,"column":19}},"loc":{"start":{"line":81,"column":19},"end":{"line":81,"column":50}},"line":81},"6":{"name":"(anonymous_6)","decl":{"start":{"line":85,"column":12},"end":{"line":85,"column":18}},"loc":{"start":{"line":85,"column":18},"end":{"line":88,"column":5}},"line":85},"7":{"name":"(anonymous_7)","decl":{"start":{"line":86,"column":25},"end":{"line":86,"column":31}},"loc":{"start":{"line":86,"column":31},"end":{"line":86,"column":74}},"line":86},"8":{"name":"(anonymous_8)","decl":{"start":{"line":87,"column":11},"end":{"line":87,"column":17}},"loc":{"start":{"line":87,"column":17},"end":{"line":87,"column":null}},"line":87},"9":{"name":"(anonymous_9)","decl":{"start":{"line":91,"column":12},"end":{"line":91,"column":18}},"loc":{"start":{"line":91,"column":18},"end":{"line":91,"column":34}},"line":91},"10":{"name":"handleSort","decl":{"start":{"line":93,"column":11},"end":{"line":93,"column":22}},"loc":{"start":{"line":93,"column":36},"end":{"line":101,"column":null}},"line":93},"11":{"name":"(anonymous_11)","decl":{"start":{"line":95,"column":17},"end":{"line":95,"column":22}},"loc":{"start":{"line":95,"column":22},"end":{"line":95,"column":50}},"line":95},"12":{"name":"(anonymous_12)","decl":{"start":{"line":104,"column":25},"end":{"line":104,"column":31}},"loc":{"start":{"line":104,"column":31},"end":{"line":116,"column":5}},"line":104},"13":{"name":"(anonymous_13)","decl":{"start":{"line":106,"column":35},"end":{"line":106,"column":40}},"loc":{"start":{"line":106,"column":40},"end":{"line":106,"column":79}},"line":106},"14":{"name":"(anonymous_14)","decl":{"start":{"line":108,"column":49},"end":{"line":108,"column":54}},"loc":{"start":{"line":108,"column":54},"end":{"line":108,"column":86}},"line":108},"15":{"name":"(anonymous_15)","decl":{"start":{"line":109,"column":26},"end":{"line":109,"column":27}},"loc":{"start":{"line":109,"column":36},"end":{"line":115,"column":5}},"line":109},"16":{"name":"exportCSV","decl":{"start":{"line":123,"column":11},"end":{"line":123,"column":23}},"loc":{"start":{"line":123,"column":23},"end":{"line":136,"column":null}},"line":123},"17":{"name":"(anonymous_17)","decl":{"start":{"line":125,"column":28},"end":{"line":125,"column":null}},"loc":{"start":{"line":126,"column":6},"end":{"line":126,"column":null}},"line":126},"18":{"name":"(anonymous_18)","decl":{"start":{"line":159,"column":40},"end":{"line":159,"column":41}},"loc":{"start":{"line":159,"column":50},"end":{"line":159,"column":91}},"line":159},"19":{"name":"(anonymous_19)","decl":{"start":{"line":161,"column":41},"end":{"line":161,"column":42}},"loc":{"start":{"line":162,"column":12},"end":{"line":164,"column":null}},"line":162},"20":{"name":"(anonymous_20)","decl":{"start":{"line":163,"column":42},"end":{"line":163,"column":43}},"loc":{"start":{"line":163,"column":52},"end":{"line":163,"column":93}},"line":163},"21":{"name":"(anonymous_21)","decl":{"start":{"line":215,"column":30},"end":{"line":215,"column":null}},"loc":{"start":{"line":216,"column":16},"end":{"line":244,"column":null}},"line":216},"22":{"name":"(anonymous_22)","decl":{"start":{"line":218,"column":27},"end":{"line":218,"column":33}},"loc":{"start":{"line":218,"column":33},"end":{"line":218,"column":null}},"line":218},"23":{"name":"(anonymous_23)","decl":{"start":{"line":255,"column":29},"end":{"line":255,"column":35}},"loc":{"start":{"line":255,"column":35},"end":{"line":255,"column":null}},"line":255},"24":{"name":"(anonymous_24)","decl":{"start":{"line":272,"column":27},"end":{"line":272,"column":28}},"loc":{"start":{"line":272,"column":39},"end":{"line":352,"column":15}},"line":272},"25":{"name":"(anonymous_25)","decl":{"start":{"line":278,"column":34},"end":{"line":278,"column":40}},"loc":{"start":{"line":278,"column":40},"end":{"line":278,"column":null}},"line":278},"26":{"name":"(anonymous_26)","decl":{"start":{"line":279,"column":34},"end":{"line":279,"column":40}},"loc":{"start":{"line":279,"column":40},"end":{"line":279,"column":null}},"line":279},"27":{"name":"(anonymous_27)","decl":{"start":{"line":374,"column":22},"end":{"line":374,"column":27}},"loc":{"start":{"line":374,"column":27},"end":{"line":374,"column":null}},"line":374},"28":{"name":"(anonymous_28)","decl":{"start":{"line":377,"column":35},"end":{"line":377,"column":40}},"loc":{"start":{"line":377,"column":40},"end":{"line":377,"column":78}},"line":377},"29":{"name":"(anonymous_29)","decl":{"start":{"line":401,"column":24},"end":{"line":401,"column":29}},"loc":{"start":{"line":401,"column":29},"end":{"line":401,"column":null}},"line":401},"30":{"name":"(anonymous_30)","decl":{"start":{"line":402,"column":24},"end":{"line":402,"column":29}},"loc":{"start":{"line":402,"column":29},"end":{"line":402,"column":null}},"line":402},"31":{"name":"(anonymous_31)","decl":{"start":{"line":420,"column":21},"end":{"line":420,"column":27}},"loc":{"start":{"line":420,"column":27},"end":{"line":420,"column":null}},"line":420},"32":{"name":"(anonymous_32)","decl":{"start":{"line":420,"column":35},"end":{"line":420,"column":40}},"loc":{"start":{"line":420,"column":40},"end":{"line":420,"column":45}},"line":420},"33":{"name":"(anonymous_33)","decl":{"start":{"line":427,"column":21},"end":{"line":427,"column":27}},"loc":{"start":{"line":427,"column":27},"end":{"line":427,"column":null}},"line":427},"34":{"name":"(anonymous_34)","decl":{"start":{"line":427,"column":35},"end":{"line":427,"column":40}},"loc":{"start":{"line":427,"column":40},"end":{"line":427,"column":45}},"line":427}},"branchMap":{"0":{"loc":{"start":{"line":94,"column":4},"end":{"line":99,"column":null}},"type":"if","locations":[{"start":{"line":94,"column":4},"end":{"line":99,"column":null}},{"start":{"line":96,"column":11},"end":{"line":99,"column":null}}],"line":94},"1":{"loc":{"start":{"line":95,"column":22},"end":{"line":95,"column":50}},"type":"cond-expr","locations":[{"start":{"line":95,"column":36},"end":{"line":95,"column":45}},{"start":{"line":95,"column":45},"end":{"line":95,"column":50}}],"line":95},"2":{"loc":{"start":{"line":106,"column":4},"end":{"line":106,"column":null}},"type":"if","locations":[{"start":{"line":106,"column":4},"end":{"line":106,"column":null}},{"start":{},"end":{}}],"line":106},"3":{"loc":{"start":{"line":108,"column":4},"end":{"line":108,"column":null}},"type":"if","locations":[{"start":{"line":108,"column":4},"end":{"line":108,"column":null}},{"start":{},"end":{}}],"line":108},"4":{"loc":{"start":{"line":112,"column":6},"end":{"line":112,"column":null}},"type":"if","locations":[{"start":{"line":112,"column":6},"end":{"line":112,"column":null}},{"start":{},"end":{}}],"line":112},"5":{"loc":{"start":{"line":112,"column":30},"end":{"line":112,"column":null}},"type":"cond-expr","locations":[{"start":{"line":112,"column":50},"end":{"line":112,"column":55}},{"start":{"line":112,"column":55},"end":{"line":112,"column":null}}],"line":112},"6":{"loc":{"start":{"line":113,"column":6},"end":{"line":113,"column":null}},"type":"if","locations":[{"start":{"line":113,"column":6},"end":{"line":113,"column":null}},{"start":{},"end":{}}],"line":113},"7":{"loc":{"start":{"line":113,"column":30},"end":{"line":113,"column":null}},"type":"cond-expr","locations":[{"start":{"line":113,"column":50},"end":{"line":113,"column":54}},{"start":{"line":113,"column":54},"end":{"line":113,"column":null}}],"line":113},"8":{"loc":{"start":{"line":120,"column":21},"end":{"line":120,"column":null}},"type":"binary-expr","locations":[{"start":{"line":120,"column":21},"end":{"line":120,"column":38}},{"start":{"line":120,"column":38},"end":{"line":120,"column":null}}],"line":120},"9":{"loc":{"start":{"line":150,"column":2},"end":{"line":152,"column":null}},"type":"if","locations":[{"start":{"line":150,"column":2},"end":{"line":152,"column":null}},{"start":{},"end":{}}],"line":150},"10":{"loc":{"start":{"line":154,"column":2},"end":{"line":169,"column":null}},"type":"if","locations":[{"start":{"line":154,"column":2},"end":{"line":169,"column":null}},{"start":{},"end":{}}],"line":154},"11":{"loc":{"start":{"line":196,"column":11},"end":{"line":199,"column":null}},"type":"binary-expr","locations":[{"start":{"line":196,"column":11},"end":{"line":196,"column":null}},{"start":{"line":197,"column":12},"end":{"line":199,"column":null}}],"line":196},"12":{"loc":{"start":{"line":198,"column":54},"end":{"line":198,"column":null}},"type":"cond-expr","locations":[{"start":{"line":198,"column":76},"end":{"line":198,"column":82}},{"start":{"line":198,"column":82},"end":{"line":198,"column":null}}],"line":198},"13":{"loc":{"start":{"line":226,"column":27},"end":{"line":226,"column":null}},"type":"cond-expr","locations":[{"start":{"line":226,"column":49},"end":{"line":226,"column":73}},{"start":{"line":226,"column":73},"end":{"line":226,"column":null}}],"line":226},"14":{"loc":{"start":{"line":227,"column":47},"end":{"line":227,"column":109}},"type":"cond-expr","locations":[{"start":{"line":227,"column":69},"end":{"line":227,"column":94}},{"start":{"line":227,"column":94},"end":{"line":227,"column":109}}],"line":227},"15":{"loc":{"start":{"line":238,"column":29},"end":{"line":238,"column":null}},"type":"cond-expr","locations":[{"start":{"line":238,"column":51},"end":{"line":238,"column":55}},{"start":{"line":238,"column":55},"end":{"line":238,"column":null}}],"line":238},"16":{"loc":{"start":{"line":242,"column":21},"end":{"line":242,"column":null}},"type":"cond-expr","locations":[{"start":{"line":242,"column":41},"end":{"line":242,"column":47}},{"start":{"line":242,"column":47},"end":{"line":242,"column":null}}],"line":242},"17":{"loc":{"start":{"line":249,"column":13},"end":{"line":352,"column":null}},"type":"cond-expr","locations":[{"start":{"line":251,"column":14},"end":{"line":270,"column":null}},{"start":{"line":272,"column":14},"end":{"line":352,"column":null}}],"line":249},"18":{"loc":{"start":{"line":274,"column":33},"end":{"line":274,"column":null}},"type":"binary-expr","locations":[{"start":{"line":274,"column":33},"end":{"line":274,"column":62}},{"start":{"line":274,"column":62},"end":{"line":274,"column":null}}],"line":274},"19":{"loc":{"start":{"line":282,"column":34},"end":{"line":282,"column":null}},"type":"cond-expr","locations":[{"start":{"line":282,"column":46},"end":{"line":282,"column":67}},{"start":{"line":282,"column":67},"end":{"line":282,"column":null}}],"line":282},"20":{"loc":{"start":{"line":295,"column":33},"end":{"line":295,"column":null}},"type":"cond-expr","locations":[{"start":{"line":295,"column":45},"end":{"line":295,"column":77}},{"start":{"line":295,"column":77},"end":{"line":295,"column":null}}],"line":295},"21":{"loc":{"start":{"line":336,"column":37},"end":{"line":336,"column":null}},"type":"cond-expr","locations":[{"start":{"line":336,"column":49},"end":{"line":336,"column":53}},{"start":{"line":336,"column":53},"end":{"line":336,"column":null}}],"line":336},"22":{"loc":{"start":{"line":414,"column":13},"end":{"line":416,"column":null}},"type":"cond-expr","locations":[{"start":{"line":415,"column":16},"end":{"line":415,"column":null}},{"start":{"line":416,"column":16},"end":{"line":416,"column":null}}],"line":414},"23":{"loc":{"start":{"line":422,"column":42},"end":{"line":422,"column":65}},"type":"cond-expr","locations":[{"start":{"line":422,"column":55},"end":{"line":422,"column":62}},{"start":{"line":422,"column":62},"end":{"line":422,"column":65}}],"line":422},"24":{"loc":{"start":{"line":422,"column":73},"end":{"line":422,"column":108}},"type":"cond-expr","locations":[{"start":{"line":422,"column":86},"end":{"line":422,"column":98}},{"start":{"line":422,"column":98},"end":{"line":422,"column":108}}],"line":422},"25":{"loc":{"start":{"line":429,"column":42},"end":{"line":429,"column":77}},"type":"cond-expr","locations":[{"start":{"line":429,"column":67},"end":{"line":429,"column":74}},{"start":{"line":429,"column":74},"end":{"line":429,"column":77}}],"line":429},"26":{"loc":{"start":{"line":429,"column":85},"end":{"line":429,"column":132}},"type":"cond-expr","locations":[{"start":{"line":429,"column":110},"end":{"line":429,"column":122}},{"start":{"line":429,"column":122},"end":{"line":429,"column":132}}],"line":429}},"s":{"0":2,"1":2,"2":2,"3":2,"4":2,"5":1980,"6":104,"7":104,"8":104,"9":104,"10":104,"11":104,"12":104,"13":104,"14":104,"15":104,"16":104,"17":104,"18":37,"19":35,"20":35,"21":35,"22":1,"23":104,"24":43,"25":6,"26":43,"27":43,"28":104,"29":46,"30":4,"31":3,"32":3,"33":1,"34":1,"35":4,"36":104,"37":72,"38":72,"39":6,"40":90,"41":72,"42":3,"43":35,"44":72,"45":453,"46":453,"47":453,"48":23,"49":430,"50":430,"51":311,"52":104,"53":104,"54":104,"55":1,"56":1,"57":15,"58":1,"59":1,"60":1,"61":1,"62":1,"63":1,"64":1,"65":1,"66":104,"67":104,"68":1,"69":103,"70":48,"71":240,"72":384,"73":1920,"74":55,"75":275,"76":4,"77":1,"78":1,"79":388,"80":388,"81":388,"82":1,"83":1,"84":1,"85":1,"86":165,"87":1,"88":1,"89":1,"90":1,"91":1,"92":1,"93":1,"94":1,"95":3,"96":3},"f":{"0":1980,"1":104,"2":37,"3":35,"4":35,"5":1,"6":43,"7":6,"8":43,"9":46,"10":4,"11":3,"12":72,"13":90,"14":35,"15":453,"16":1,"17":15,"18":240,"19":384,"20":1920,"21":275,"22":4,"23":1,"24":388,"25":1,"26":1,"27":1,"28":165,"29":1,"30":1,"31":1,"32":1,"33":3,"34":3},"b":{"0":[3,1],"1":[2,1],"2":[6,66],"3":[3,69],"4":[23,430],"5":[23,0],"6":[119,311],"7":[67,52],"8":[104,92],"9":[1,103],"10":[48,55],"11":[55,17],"12":[15,2],"13":[55,220],"14":[55,220],"15":[55,220],"16":[265,10],"17":[7,48],"18":[388,1],"19":[1,387],"20":[1,387],"21":[1,387],"22":[7,48],"23":[50,5],"24":[50,5],"25":[23,32],"26":[23,32]},"meta":{"lastBranch":27,"lastFunction":35,"lastStatement":97,"seen":{"s:15:26:15:Infinity":0,"s:17:20:17:Infinity":1,"s:19:54:25:Infinity":2,"s:28:64:34:Infinity":3,"s:36:41:44:Infinity":4,"f:46:9:46:17":0,"s:47:2:55:Infinity":5,"f:59:24:59:36":1,"s:60:22:60:Infinity":6,"s:61:28:61:Infinity":7,"s:62:24:62:Infinity":8,"s:63:28:63:Infinity":9,"s:64:28:64:Infinity":10,"s:65:22:65:Infinity":11,"s:66:30:66:Infinity":12,"s:67:34:67:Infinity":13,"s:69:32:69:Infinity":14,"s:70:26:70:Infinity":15,"s:72:32:72:Infinity":16,"s:74:2:82:Infinity":17,"f:74:12:74:18":2,"s:75:4:81:Infinity":18,"f:76:12:76:17":3,"s:76:17:76:25":19,"f:77:12:77:20":4,"s:78:8:78:Infinity":20,"s:79:8:79:Infinity":21,"f:81:13:81:19":5,"s:81:19:81:50":22,"s:85:2:88:Infinity":23,"f:85:12:85:18":6,"s:86:14:86:Infinity":24,"f:86:25:86:31":7,"s:86:31:86:74":25,"s:87:4:87:Infinity":26,"f:87:11:87:17":8,"s:87:17:87:Infinity":27,"s:91:2:91:Infinity":28,"f:91:12:91:18":9,"s:91:20:91:31":29,"f:93:11:93:22":10,"b:94:4:99:Infinity:96:11:99:Infinity":0,"s:94:4:99:Infinity":30,"s:95:6:95:Infinity":31,"f:95:17:95:22":11,"s:95:22:95:50":32,"b:95:36:95:45:95:45:95:50":1,"s:97:6:97:Infinity":33,"s:98:6:98:Infinity":34,"s:100:4:100:Infinity":35,"s:104:8:116:Infinity":36,"f:104:25:104:31":12,"s:105:15:105:Infinity":37,"b:106:4:106:Infinity:undefined:undefined:undefined:undefined":2,"s:106:4:106:Infinity":38,"s:106:16:106:Infinity":39,"f:106:35:106:40":13,"s:106:40:106:79":40,"b:108:4:108:Infinity:undefined:undefined:undefined:undefined":3,"s:108:4:108:Infinity":41,"s:108:30:108:Infinity":42,"f:108:49:108:54":14,"s:108:54:108:86":43,"s:109:4:115:Infinity":44,"f:109:26:109:27":15,"s:110:19:110:Infinity":45,"s:111:19:111:Infinity":46,"b:112:6:112:Infinity:undefined:undefined:undefined:undefined":4,"s:112:6:112:Infinity":47,"s:112:23:112:Infinity":48,"b:112:50:112:55:112:55:112:Infinity":5,"b:113:6:113:Infinity:undefined:undefined:undefined:undefined":6,"s:113:6:113:Infinity":49,"s:113:23:113:Infinity":50,"b:113:50:113:54:113:54:113:Infinity":7,"s:114:6:114:Infinity":51,"s:118:21:118:Infinity":52,"s:119:19:119:Infinity":53,"s:120:21:120:Infinity":54,"b:120:21:120:38:120:38:120:Infinity":8,"f:123:11:123:23":16,"s:124:20:124:Infinity":55,"s:125:17:127:Infinity":56,"f:125:28:125:Infinity":17,"s:126:6:126:Infinity":57,"s:128:16:128:Infinity":58,"s:129:17:129:Infinity":59,"s:130:16:130:Infinity":60,"s:131:14:131:Infinity":61,"s:132:4:132:Infinity":62,"s:133:4:133:Infinity":63,"s:134:4:134:Infinity":64,"s:135:4:135:Infinity":65,"s:138:39:148:Infinity":66,"b:150:2:152:Infinity:undefined:undefined:undefined:undefined":9,"s:150:2:152:Infinity":67,"s:151:4:151:Infinity":68,"b:154:2:169:Infinity:undefined:undefined:undefined:undefined":10,"s:154:2:169:Infinity":69,"s:155:4:167:Infinity":70,"f:159:40:159:41":18,"s:159:50:159:91":71,"f:161:41:161:42":19,"s:162:12:164:Infinity":72,"f:163:42:163:43":20,"s:163:52:163:93":73,"s:171:2:435:Infinity":74,"b:196:11:196:Infinity:197:12:199:Infinity":11,"b:198:76:198:82:198:82:198:Infinity":12,"f:215:30:215:Infinity":21,"s:216:16:244:Infinity":75,"f:218:27:218:33":22,"s:218:33:218:Infinity":76,"b:226:49:226:73:226:73:226:Infinity":13,"b:227:69:227:94:227:94:227:109":14,"b:238:51:238:55:238:55:238:Infinity":15,"b:242:41:242:47:242:47:242:Infinity":16,"b:251:14:270:Infinity:272:14:352:Infinity":17,"f:255:29:255:35":23,"s:255:37:255:55":77,"s:255:55:255:72":78,"f:272:27:272:28":24,"s:273:34:273:Infinity":79,"s:274:33:274:Infinity":80,"b:274:33:274:62:274:62:274:Infinity":18,"s:275:16:350:Infinity":81,"f:278:34:278:40":25,"s:278:40:278:Infinity":82,"f:279:34:279:40":26,"s:279:40:279:Infinity":83,"b:282:46:282:67:282:67:282:Infinity":19,"b:295:45:295:77:295:77:295:Infinity":20,"b:336:49:336:53:336:53:336:Infinity":21,"f:374:22:374:27":27,"s:374:29:374:66":84,"s:374:66:374:77":85,"f:377:35:377:40":28,"s:377:40:377:78":86,"f:401:24:401:29":29,"s:401:41:401:58":87,"s:401:58:401:104":88,"s:401:104:401:142":89,"f:402:24:402:29":30,"s:402:41:402:58":90,"s:402:58:402:97":91,"s:402:97:402:137":92,"b:415:16:415:Infinity:416:16:416:Infinity":22,"f:420:21:420:27":31,"s:420:27:420:Infinity":93,"f:420:35:420:40":32,"s:420:40:420:45":94,"b:422:55:422:62:422:62:422:65":23,"b:422:86:422:98:422:98:422:108":24,"f:427:21:427:27":33,"s:427:27:427:Infinity":95,"f:427:35:427:40":34,"s:427:40:427:45":96,"b:429:67:429:74:429:74:429:77":25,"b:429:110:429:122:429:122:429:132":26}}}
,"/Users/joelindurkar/Desktop/TeikoOA/TeikoTechnical/dashboard/src/components/FilterBar.tsx": {"path":"/Users/joelindurkar/Desktop/TeikoOA/TeikoTechnical/dashboard/src/components/FilterBar.tsx","statementMap":{"0":{"start":{"line":4,"column":64},"end":{"line":10,"column":null}},"1":{"start":{"line":21,"column":22},"end":{"line":21,"column":null}},"2":{"start":{"line":22,"column":8},"end":{"line":22,"column":null}},"3":{"start":{"line":25,"column":2},"end":{"line":34,"column":null}},"4":{"start":{"line":26,"column":4},"end":{"line":26,"column":null}},"5":{"start":{"line":26,"column":15},"end":{"line":26,"column":null}},"6":{"start":{"line":28,"column":6},"end":{"line":30,"column":null}},"7":{"start":{"line":29,"column":8},"end":{"line":29,"column":null}},"8":{"start":{"line":32,"column":4},"end":{"line":32,"column":null}},"9":{"start":{"line":33,"column":4},"end":{"line":33,"column":null}},"10":{"start":{"line":33,"column":17},"end":{"line":33,"column":null}},"11":{"start":{"line":37,"column":4},"end":{"line":37,"column":null}},"12":{"start":{"line":37,"column":59},"end":{"line":37,"column":68}},"13":{"start":{"line":40,"column":23},"end":{"line":40,"column":null}},"14":{"start":{"line":41,"column":23},"end":{"line":41,"column":null}},"15":{"start":{"line":43,"column":17},"end":{"line":43,"column":null}},"16":{"start":{"line":45,"column":2},"end":{"line":230,"column":null}},"17":{"start":{"line":49,"column":23},"end":{"line":49,"column":null}},"18":{"start":{"line":49,"column":36},"end":{"line":49,"column":38}},"19":{"start":{"line":75,"column":24},"end":{"line":75,"column":null}},"20":{"start":{"line":76,"column":14},"end":{"line":90,"column":null}},"21":{"start":{"line":145,"column":31},"end":{"line":145,"column":null}},"22":{"start":{"line":158,"column":31},"end":{"line":158,"column":null}},"23":{"start":{"line":174,"column":30},"end":{"line":174,"column":null}},"24":{"start":{"line":175,"column":22},"end":{"line":175,"column":null}},"25":{"start":{"line":176,"column":12},"end":{"line":225,"column":null}},"26":{"start":{"line":179,"column":31},"end":{"line":179,"column":null}},"27":{"start":{"line":189,"column":37},"end":{"line":189,"column":124}},"28":{"start":{"line":189,"column":54},"end":{"line":189,"column":124}},"29":{"start":{"line":190,"column":37},"end":{"line":190,"column":119}},"30":{"star
[...]
"end":{"line":56,"column":19}},"loc":{"start":{"line":56,"column":19},"end":{"line":56,"column":52}},"line":56},"7":{"name":"(anonymous_7)","decl":{"start":{"line":76,"column":28},"end":{"line":76,"column":null}},"loc":{"start":{"line":77,"column":14},"end":{"line":83,"column":null}},"line":77},"8":{"name":"(anonymous_8)","decl":{"start":{"line":85,"column":23},"end":{"line":85,"column":null}},"loc":{"start":{"line":86,"column":14},"end":{"line":115,"column":null}},"line":86},"9":{"name":"(anonymous_9)","decl":{"start":{"line":135,"column":53},"end":{"line":135,"column":null}},"loc":{"start":{"line":136,"column":16},"end":{"line":148,"column":null}},"line":136},"10":{"name":"(anonymous_10)","decl":{"start":{"line":154,"column":32},"end":{"line":154,"column":33}},"loc":{"start":{"line":155,"column":18},"end":{"line":159,"column":null}},"line":155},"11":{"name":"(anonymous_11)","decl":{"start":{"line":161,"column":27},"end":{"line":161,"column":28}},"loc":{"start":{"line":161,"column":37},"end":{"line":218,"column":17}},"line":161},"12":{"name":"(anonymous_12)","decl":{"start":{"line":166,"column":36},"end":{"line":166,"column":42}},"loc":{"start":{"line":166,"column":42},"end":{"line":166,"column":null}},"line":166},"13":{"name":"(anonymous_13)","decl":{"start":{"line":167,"column":36},"end":{"line":167,"column":42}},"loc":{"start":{"line":167,"column":42},"end":{"line":167,"column":null}},"line":167},"14":{"name":"(anonymous_14)","decl":{"start":{"line":202,"column":41},"end":{"line":202,"column":48}},"loc":{"start":{"line":202,"column":48},"end":{"line":202,"column":80}},"line":202}},"branchMap":{"0":{"loc":{"start":{"line":59,"column":2},"end":{"line":65,"column":null}},"type":"if","locations":[{"start":{"line":59,"column":2},"end":{"line":65,"column":null}},{"start":{},"end":{}}],"line":59},"1":{"loc":{"start":{"line":75,"column":9},"end":{"line":116,"column":null}},"type":"cond-expr","locations":[{"start":{"line":76,"column":12},"end":{"line":84,"column":null}},{"start":{"line":85,"column":12},"end":{"line":116,"column":null}}],"line":75},"2":{"loc":{"start":{"line":137,"column":29},"end":{"line":137,"column":null}},"type":"cond-expr","locations":[{"start":{"line":137,"column":49},"end":{"line":137,"column":59}},{"start":{"line":137,"column":59},"end":{"line":137,"column":null}}],"line":137},"3":{"loc":{"start":{"line":153,"column":13},"end":{"line":218,"column":null}},"type":"cond-expr","locations":[{"start":{"line":154,"column":16},"end":{"line":160,"column":null}},{"start":{"line":161,"column":16},"end":{"line":218,"column":null}}],"line":153},"4":{"loc":{"start":{"line":155,"column":53},"end":{"line":155,"column":117}},"type":"cond-expr","locations":[{"start":{"line":155,"column":82},"end":{"line":155,"column":110}},{"start":{"line":155,"column":110},"end":{"line":155,"column":117}}],"line":155},"5":{"loc":{"start":{"line":169,"column":38},"end":{"line":169,"column":null}},"type":"cond-expr","locations":[{"start":{"line":169,"column":62},"end":{"line":169,"column":90}},{"start":{"line":169,"column":90},"end":{"line":169,"column":null}}],"line":169},"6":{"loc":{"start":{"line":170,"column":36},"end":{"line":170,"column":null}},"type":"cond-expr","locations":[{"start":{"line":170,"column":48},"end":{"line":170,"column":69}},{"start":{"line":170,"column":69},"end":{"line":170,"column":null}}],"line":170},"7":{"loc":{"start":{"line":189,"column":34},"end":{"line":189,"column":null}},"type":"cond-expr","locations":[{"start":{"line":189,"column":46},"end":{"line":189,"column":58}},{"start":{"line":189,"column":58},"end":{"line":189,"column":null}}],"line":189},"8":{"loc":{"start":{"line":190,"column":36},"end":{"line":190,"column":null}},"type":"cond-expr","locations":[{"start":{"line":190,"column":48},"end":{"line":190,"column":59}},{"start":{"line":190,"column":59},"end":{"line":190,"column":null}}],"line":190},"9":{"loc":{"start":{"line":195,"column":36},"end":{"line":195,"column":null}},"type":"cond-expr","locations":[{"start":{"line":195,"column":48},"end":{"line":195,"column":57}},{"start":{"line":195,"column":57},"end":{"line":195,"column":null}}],"line":195},"10":{"loc":{"start":{"line":198,"column":37},"end":{"line":198,"column":null}},"type":"cond-expr","locations":[{"start":{"line":198,"column":49},"end":{"line":198,"column":58}},{"start":{"line":198,"column":58},"end":{"line":198,"column":null}}],"line":198},"11":{"loc":{"start":{"line":199,"column":43},"end":{"line":199,"column":null}},"type":"cond-expr","locations":[{"start":{"line":199,"column":55},"end":{"line":199,"column":64}},{"start":{"line":199,"column":64},"end":{"line":199,"column":null}}],"line":199}},"s":{"0":405,"1":105,"2":35,"3":35,"4":35,"5":35,"6":35,"7":20,"8":18,"9":18,"10":18,"11":1,"12":35,"13":1,"14":34,"15":34,"16":81,"17":21,"18":102,"19":81,"20":21,"21":21,"22":1,"23":1,"24":105},"f":{"0":405,"1":105,"2":35,"3":20,"4":18,"5":18,"6":1,"7":81,"8":21,"9":102,"10":81,"11":21,"12":1,"13":1,"14":105},"b":{"0":[1,34],"1":[27,7],"2":[34,68],"3":[27,7],"4":[54,27],"5":[14,7],"6":[1,20],"7":[1,20],"8":[1,20],"9":[1,20],"10":[1,20],"11":[1,20]},"meta":{"lastBranch":12,"lastFunction":15,"lastStatement":25,"seen":{"f:13:9:13:17":0,"s:14:2:22:Infinity":0,"f:26:9:26:17":1,"s:27:2:39:Infinity":1,"f:43:24:43:41":2,"s:44:26:44:Infinity":2,"s:45:28:45:Infinity":3,"s:46:24:46:Infinity":4,"s:47:34:47:Infinity":5,"s:49:2:57:Infinity":6,"f:49:12:49:18":3,"s:50:4:56:Infinity":7,"f:51:12:51:17":4,"s:51:17:51:25":8,"f:52:12:52:20":5,"s:53:8:53:Infinity":9,"s:54:8:54:Infinity":10,"f:56:13:56:19":6,"s:56:19:56:52":11,"b:59:2:65:Infinity:undefined:undefined:undefined:undefined":0,"s:59:2:65:Infinity":12,"s:60:4:63:Infinity":13,"s:68:22:68:Infinity":14,"s:70:2:223:Infinity":15,"b:76:12:84:Infinity:85:12:116:Infinity":1,"f:76:28:76:Infinity":7,"s:77:14:83:Infinity":16,"f:85:23:85:Infinity":8,"s:86:14:115:Infinity":17,"f:135:53:135:Infinity":9,"s:136:16:148:Infinity":18,"b:137:49:137:59:137:59:137:Infinity":2,"b:154:16:160:Infinity:161:16:218:Infinity":3,"f:154:32:154:33":10,"s:155:18:159:Infinity":19,"b:155:82:155:110:155:110:155:117":4,"f:161:27:161:28":11,"s:162:36:162:Infinity":20,"s:163:18:216:Infinity":21,"f:166:36:166:42":12,"s:166:42:166:Infinity":22,"f:167:36:167:42":13,"s:167:42:167:Infinity":23,"b:169:62:169:90:169:90:169:Infinity":5,"b:170:48:170:69:170:69:170:Infinity":6,"b:189:46:189:58:189:58:189:Infinity":7,"b:190:48:190:59:190:59:190:Infinity":8,"b:195:48:195:57:195:57:195:Infinity":9,"b:198:49:198:58:198:58:198:Infinity":10,"b:199:55:199:64:199:64:199:Infinity":11,"f:202:41:202:48":14,"s:202:48:202:80":24}}}
,"/Users/joelindurkar/Desktop/TeikoOA/TeikoTechnical/dashboard/src/components/SettingsPanel.tsx": {"path":"/Users/joelindurkar/Desktop/TeikoOA/TeikoTechnical/dashboard/src/components/SettingsPanel.tsx","statementMap":{"0":{"start":{"line":13,"column":2},"end":{"line":168,"column":null}},"1":{"start":{"line":81,"column":34},"end":{"line":81,"column":102}},"2":{"start":{"line":82,"column":34},"end":{"line":82,"column":103}}},"fnMap":{"0":{"name":"SettingsPanel","decl":{"start":{"line":12,"column":24},"end":{"line":12,"column":38}},"loc":{"start":{"line":12,"column":101},"end":{"line":170,"column":null}},"line":12},"1":{"name":"(anonymous_1)","decl":{"start":{"line":81,"column":26},"end":{"line":81,"column":31}},"loc":{"start":{"line":81,"column":31},"end":{"line":81,"column":null}},"line":81},"2":{"name":"(anonymous_2)","decl":{"start":{"line":82,"column":26},"end":{"line":82,"column":31}},"loc":{"start":{"line":82,"column":31},"end":{"line":82,"column":null}},"line":82}},"branchMap":{"0":{"loc":{"start":{"line":23,"column":19},"end":{"line":23,"column":null}},"type":"cond-expr","locations":[{"start":{"line":23,"column":26},"end":{"line":23,"column":30}},{"start":{"line":23,"column":30},"end":{"line":23,"column":null}}],"line":23},"1":{"loc":{"start":{"line":24,"column":25},"end":{"line":24,"column":null}},"type":"cond-expr","locations":[{"start":{"line":24,"column":32},"end":{"line":24,"column":41}},{"start":{"line":24,"column":41},"end":{"line":24,"column":null}}],"line":24},"2":{"loc":{"start":{"line":40,"column":21},"end":{"line":40,"column":null}},"type":"cond-expr","locations":[{"start":{"line":40,"column":28},"end":{"line":40,"column":46}},{"start":{"line":40,"column":46},"end":{"line":40,"column":null}}],"line":40},"3":{"loc":{"start":{"line":100,"column":35},"end":{"line":100,"column":79}},"type":"cond-expr","locations":[{"start":{"line":100,"column":46},"end":{"line":100,"column":64}},{"start":{"line":100,"column":64},"end":{"line":100,"column":79}}],"line":100},"4":{"loc":{"start":{"line":116,"column":26},"end":{"line":116,"column":null}},"type":"cond-expr","locations":[{"start":{"line":116,"column":37},"end":{"line":116,"column":59}},{"start":{"line":116,"column":59},"end":{"line":116,"column":null}}],"line":116},"5":{"loc":{"start":{"line":122,"column":21},"end":{"line":122,"column":null}},"type":"cond-expr","locations":[{"start":{"line":122,"column":32},"end":{"line":122,"column":50}},{"start":{"line":122,"column":50},"end":{"line":122,"column":null}}],"line":122},"6":{"loc":{"start":{"line":135,"column":17},"end":{"line":135,"column":null}},"type":"cond-expr","locations":[{"start":{"line":135,"column":28},"end":{"line":135,"column":35}},{"start":{"line":135,"column":35},"end":{"line":135,"column":null}}],"line":135},"7":{"loc":{"start":{"line":145,"column":28},"end":{"line":145,"column":null}},"type":"cond-expr","locations":[{"start":{"line":145,"column":39},"end":{"line":145,"column":57}},{"start":{"line":145,"column":57},"end":{"line":145,"column":null}}],"line":145},"8":{"loc":{"start":{"line":155,"column":22},"end":{"line":155,"column":null}},"type":"cond-expr","locations":[{"start":{"line":155,"column":33},"end":{"line":155,"column":38}},{"start":{"line":155,"column":38},"end":{"line":155,"column":null}}],"line":155}},"s":{"0":29,"1":1,"2":1},"f":{"0":29,"1":1,"2":1},"b":{"0":[13,16],"1":[13,16],"2":[13,16],"3":[2,27],"4":[2,27],"5":[2,27],"6":[2,27],"7":[2,27],"8":[2,27]},"meta":{"lastBranch":9,"lastFunction":3,"lastStatement":3,"seen":{"f:12:24:12:38":0,"s:13:2:168:Infinity":0,"b:23:26:23:30:23:30:23:Infinity":0,"b:24:32:24:41:24:41:24:Infinity":1,"b:40:28:40:46:40:46:40:Infinity":2,"f:81:26:81:31":1,"s:81:34:81:102":1,"f:82:26:82:31":2,"s:82:34:82:103":2,"b:100:46:100:64:100:64:100:79":3,"b:116:37:116:59:116:59:116:Infinity":4,"b:122:32:122:50:122:50:122:Infinity":5,"b:135:28:135:35:135:35:135:Infinity":6,"b:145:39:145:57:145:57:145:Infinity":7,"b:155:33:155:38:155:38:155:Infinity":8}}}
,"/Users/joelindurkar/Desktop/TeikoOA/TeikoTechnical/dashboard/src/components/SubsetAnalysis.tsx": {"path":"/Users/joelindurkar/Desktop/TeikoOA/TeikoTechnical/dashboard/src/components/SubsetAnalysis.tsx","statementMap":{"0":{"start":{"line":11,"column":28},"end":{"line":11,"column":null}},"1":{"start":{"line":13,"column":2},"end":{"line":85,"column":null}},"2":{"start":{"line":15,"column":26},"end":{"line":15,"column":null}},"3":{"start":{"line":16,"column":26},"end":{"line":16,"column":null}},"4":{"start":{"line":90,"column":2},"end":{"line":98,"column":null}},"5":{"start":{"line":112,"column":22},"end":{"line":112,"column":null}},"6":{"start":{"line":113,"column":28},"end":{"line":113,"column":null}},"7":{"start":{"line":114,"column":24},"end":{"line":114,"column":null}},"8":{"start":{"line":116,"column":2},"end":{"line":124,"column":null}},"9":{"start":{"line":117,"column":4},"end":{"line":123,"column":null}},"10":{"start":{"line":118,"column":17},"end":{"line":118,"column":25}},"11":{"start":{"line":120,"column":8},"end":{"line":120,"column":null}},"12":{"start":{"line":121,"column":8},"end":{"line":121,"column":null}},"13":{"start":{"line":123,"column":19},"end":{"line":123,"column":57}},"14":{"start":{"line":126,"column":2},"end":{"line":128,"column":null}},"15":{"start":{"line":127,"column":4},"end":{"line":127,"column":null}},"16":{"start":{"line":130,"column":2},"end":{"line":145,"column":null}},"17":{"start":{"line":131,"column":4},"end":{"line":143,"column":null}},"18":{"start":{"line":141,"column":36},"end":{"line":141,"column":81}},"19":{"start":{"line":149,"column":29},"end":{"line":152,"column":null}},"20":{"start":{"line":154,"column":2},"end":{"line":222,"column":null}},"21":{"start":{"line":170,"column":12},"end":{"line":199,"column":null}}},"fnMap":{"0":{"name":"StatCard","decl":{"start":{"line":10,"column":9},"end":{"line":10,"column":18}},"loc":{"start":{"line":10,"column":64},"end":{"line":87,"column":null}},"line":10},"1":{"name":"(anonymous_1)","decl":{"start":{"line":15,"column":20},"end":{"line":15,"column":26}},"loc":{"start":{"line":15,"column":26},"end":{"line":15,"column":null}},"line":15},"2":{"name":"(anonymous_2)","decl":{"start":{"line":16,"column":20},"end":{"line":16,"column":26}},"loc":{"start":{"line":16,"column":26},"end":{"line":16,"column":null}},"line":16},"3":{"name":"Shimmer","decl":{"start":{"line":89,"column":9},"end":{"line":89,"column":17}},"loc":{"start":{"line":89,"column":80},"end":{"line":100,"column":null}},"line":89},"4":{"name":"SubsetAnalysis","decl":{"start":{"line":111,"column":24},"end":{"line":111,"column":41}},"loc":{"start":{"line":111,"column":41},"end":{"line":224,"column":null}},"line":111},"5":{"name":"(anonymous_5)","decl":{"start":{"line":116,"column":12},"end":{"line":116,"column":18}},"loc":{"start":{"line":116,"column":18},"end":{"line":124,"column":5}},"line":116},"6":{"name":"(anonymous_6)","decl":{"start":{"line":118,"column":12},"end":{"line":118,"column":17}},"loc":{"start":{"line":118,"column":17},"end":{"line":118,"column":25}},"line":118},"7":{"name":"(anonymous_7)","decl":{"start":{"line":119,"column":12},"end":{"line":119,"column":17}},"loc":{"start":{"line":119,"column":17},"end":{"line":122,"column":7}},"line":119},"8":{"name":"(anonymous_8)","decl":{"start":{"line":123,"column":13},"end":{"line":123,"column":19}},"loc":{"start":{"line":123,"column":19},"end":{"line":123,"column":57}},"line":123},"9":{"name":"(anonymous_9)","decl":{"start":{"line":141,"column":31},"end":{"line":141,"column":36}},"loc":{"start":{"line":141,"column":36},"end":{"line":141,"column":81}},"line":141},"10":{"name":"(anonymous_10)","decl":{"start":{"line":169,"column":57},"end":{"line":169,"column":58}},"loc":{"start":{"line":170,"column":12},"end":{"line":199,"column":null}},"line":170}},"branchMap":{"0":{"loc":{"start":{"line":19,"column":20},"end":{"line":21,"column":null}},"type":"cond-expr","locations":[{"start":{"line":20,"column":12},"end":{"line":20,"column":null}},{"start":{"line":21,"column":12},"end":{"line":21,"column":null}}],"line":19},"1":{"loc":{"start":{"line":22,"column":16},"end":{"line":22,"column":null}},"type":"cond-expr","locations":[{"start":{"line":22,"column":25},"end":{"line":22,"column":34}},{"start":{"line":22,"column":34},"end":{"line":22,"column":null}}],"line":22},"2":{"loc":{"start":{"line":26,"column":19},"end":{"line":32,"column":null}},"type":"cond-expr","locations":[{"start":{"line":27,"column":12},"end":{"line":29,"column":null}},{"start":{"line":30,"column":12},"end":{"line":32,"column":null}}],"line":26},"3":{"loc":{"start":{"line":27,"column":12},"end":{"line":29,"column":null}},"type":"cond-expr","locations":[{"start":{"line":28,"column":14},"end":{"line":28,"column":null}},{"start":{"line":29,"column":14},"end":{"line":29,"column":null}}],"line":27},"4":{"loc":{"start":{"line":30,"column":12},"end":{"line":32,"column":null}},"type":"cond-expr","locations":[{"start":{"line":31,"column":14},"end":{"line":31,"column":null}},{"start":{"line":32,"column":14},"end":{"line":32,"column":null}}],"line":30},"5":{"loc":{"start":{"line":33,"column":19},"end":{"line":33,"column":null}},"type":"cond-expr","locations":[{"start":{"line":33,"column":29},"end":{"line":33,"column":50}},{"start":{"line":33,"column":50},"end":{"line":33,"column":null}}],"line":33},"6":{"loc":{"start":{"line":44,"column":7},"end":{"line":54,"column":null}},"type":"binary-expr","locations":[{"start":{"line":44,"column":7},"end":{"line":44,"column":null}},{"start":{"line":45,"column":8},"end":{"line":54,"column":null}}],"line":44},"7":{"loc":{"start":{"line":61,"column":15},"end":{"line":61,"column":null}},"type":"cond-expr","locations":[{"start":{"line":61,"column":24},"end":{"line":61,"column":50}},{"start":{"line":61,"column":50},"end":{"line":61,"column":null}}],"line":61},"8":{"loc":{"start":{"line":67,"column":18},"end":{"line":67,"column":null}},"type":"cond-expr","locations":[{"start":{"line":67,"column":27},"end":{"line":67,"column":32}},{"start":{"line":67,"column":32},"end":{"line":67,"column":null}}],"line":67},"9":{"loc":{"start":{"line":69,"column":15},"end":{"line":69,"column":null}},"type":"cond-expr","locations":[{"start":{"line":69,"column":24},"end":{"line":69,"column":33}},{"start":{"line":69,"column":33},"end":{"line":69,"column":null}}],"line":69},"10":{"loc":{"start":{"line":72,"column":23},"end":{"line":72,"column":null}},"type":"cond-expr","locations":[{"start":{"line":72,"column":32},"end":{"line":72,"column":44}},{"start":{"line":72,"column":44},"end":{"line":72,"column":null}}],"line":72},"11":{"loc":{"start":{"line":76,"column":7},"end":{"line":83,"column":null}},"type":"binary-expr","locations":[{"start":{"line":76,"column":7},"end":{"line":76,"column":null}},{"start":{"line":77,"column":8},"end":{"line":83,"column":null}}],"line":76},"12":{"loc":{"start":{"line":79,"column":17},"end":{"line":79,"column":null}},"type":"cond-expr","locations":[{"start":{"line":79,"column":26},"end":{"line":79,"column":53}},{"start":{"line":79,"column":53},"end":{"line":79,"column":null}}],"line":79},"13":{"loc":{"start":{"line":126,"column":2},"end":{"line":128,"column":null}},"type":"if","locations":[{"start":{"line":126,"column":2},"end":{"line":128,"column":null}},{"start":{},"end":{}}],"line":126},"14":{"loc":{"start":{"line":130,"column":2},"end":{"line":145,"column":null}},"type":"if","locations":[{"start":{"line":130,"column":2},"end":{"line":145,"column":null}},{"start":{},"end":{}}],"line":130}},"s":{"0":37,"1":37,"2":1,"3":1,"4":232,"5":37,"6":37,"7":37,"8":37,"9":22,"10":20,"11":20,"12":20,"13":1,"14":37,"15":1,"16":36,"17":29,"18":145,"19":7,"20":7,"21":14},"f":{"0":37,"1":1,"2":1,"3":232,"4":37,"5":22,"6":20,"7":20,"8":1,"9":145,"10":14},"b":{"0":[7,30],"1":[7,30],"2":[7,30],"3":[0,7],"4":[1,29],"5":[1,36],"6":[37,7],"7":[7,30],"8":[7,30],"9":[7,30],"10":[7,30],"11":[37,37],"12":[7,30],"13":[1,36],"14":[29,7]},"meta":{"lastBranch":15,"lastFunction":11,"lastStatement":22,"seen":{"f:10:9:10:18":0,"s:11:28:11:Infinity":0,"s:13:2:85:Infinity":1,"f:15:20:15:26":1,"s:15:26:15:Infinity":2,"f:16:20:16:26":2,"s:16:26:16:Infinity":3,"b:20:12:20:Infinity:21:12:21:Infinity":0,"b:22:25:22:34:22:34:22:Infinity":1,"b:27:12:29:Infinity:30:12:32:Infinity":2,"b:28:14:28:Infinity:29:14:29:Infinity":3,"b:31:14:31:Infinity:32:14:32:Infinity":4,"b:33:29:33:50:33:50:33:Infinity":5,"b:44:7:44:Infinity:45:8:54:Infinity":6,"b:61:24:61:50:61:50:61:Infinity":7,"b:67:27:67:32:67:32:67:Infinity":8,"b:69:24:69:33:69:33:69:Infinity":9,"b:72:32:72:44:72:44:72:Infinity":10,"b:76:7:76:Infinity:77:8:83:Infinity":11,"b:79:26:79:53:79:53:79:Infinity":12,"f:89:9:89:17":3,"s:90:2:98:Infinity":4,"f:111:24:111:41":4,"s:112:22:112:Infinity":5,"s:113:28:113:Infinity":6,"s:114:24:114:Infinity":7,"s:116:2:124:Infinity":8,"f:116:12:116:18":5,"s:117:4:123:Infinity":9,"f:118:12:118:17":6,"s:118:17:118:25":10,"f:119:12:119:17":7,"s:120:8:120:Infinity":11,"s:121:8:121:Infinity":12,"f:123:13:123:19":8,"s:123:19:123:57":13,"b:126:2:128:Infinity:undefined:undefined:undefined:undefined":13,"s:126:2:128:Infinity":14,"s:127:4:127:Infinity":15,"b:130:2:145:Infinity:undefined:undefined:undefined:undefined":14,"s:130:2:145:Infinity":16,"s:131:4:143:Infinity":17,"f:141:31:141:36":9,"s:141:36:141:81":18,"s:149:29:152:Infinity":19,"s:154:2:222:Infinity":20,"f:169:57:169:58":10,"s:170:12:199:Infinity":21}}}
}
